#
# A fatal error has been detected by the Java Runtime Environment:
#
#  Internal Error (relocInfo_x86.cpp:106), pid=47472, tid=29412
#  Error: ShouldNotReachHere()
#
# JRE version: OpenJDK Runtime Environment Temurin-17.0.13+11 (17.0.13+11) (build 17.0.13+11)
# Java VM: OpenJDK 64-Bit Server VM Temurin-17.0.13+11 (17.0.13+11, mixed mode, tiered, compressed oops, compressed class ptrs, parallel gc, windows-amd64)
# No core dump will be written. Minidumps are not enabled by default on client versions of Windows
#
# If you would like to submit a bug report, please visit:
#   https://github.com/adoptium/adoptium-support/issues
#

---------------  S U M M A R Y ------------

Command Line: --add-modules=ALL-SYSTEM --add-opens=java.base/java.util=ALL-UNNAMED --add-opens=java.base/java.lang=ALL-UNNAMED --add-opens=java.base/sun.nio.fs=ALL-UNNAMED -Declipse.application=org.eclipse.jdt.ls.core.id1 -Dosgi.bundles.defaultStartLevel=4 -Declipse.product=org.eclipse.jdt.ls.core.product -Djava.import.generatesMetadataFilesAtProjectRoot=false -DDetectVMInstallationsJob.disabled=true -Dfile.encoding=utf8 -XX:+UseParallelGC -XX:GCTimeRatio=4 -XX:AdaptiveSizePolicyWeight=90 -Dsun.zip.disableMemoryMapping=true -Xmx1G -Xms100m -Xlog:disable -javaagent:c:\Users\bryanesteban\.vscode\extensions\redhat.java-1.38.0-win32-x64\lombok\lombok-1.18.34.jar -XX:+HeapDumpOnOutOfMemoryError -XX:HeapDumpPath=c:\Users\bryanesteban\AppData\Roaming\Code\User\workspaceStorage\33667f003fb07b1d5c002f0531335b67\redhat.java -Daether.dependencyCollector.impl=bf c:\Users\bryanesteban\.vscode\extensions\redhat.java-1.38.0-win32-x64\server\plugins\org.eclipse.equinox.launcher_1.6.900.v20240613-2009.jar -configuration c:\Users\bryanesteban\AppData\Roaming\Code\User\globalStorage\redhat.java\1.38.0\config_win -data c:\Users\bryanesteban\AppData\Roaming\Code\User\workspaceStorage\33667f003fb07b1d5c002f0531335b67\redhat.java\jdt_ws --pipe=\\.\pipe\lsp-9b044652c47e08b503b71188d63021cc-sock

Host: 12th Gen Intel(R) Core(TM) i7-12700K, 20 cores, 63G,  Windows 11 , 64 bit Build 22621 (10.0.22621.4391)
Time: Tue Jan 14 13:18:23 2025 Hora est. Pacífico, Sudamérica elapsed time: 621675.870455 seconds (7d 4h 41m 15s)

---------------  T H R E A D  ---------------

Current thread (0x0000019faf6d8200):  JavaThread "C1 CompilerThread3" daemon [_thread_in_vm, id=29412, stack(0x00000003cf800000,0x00000003cf900000)]


Current CompileTask:
C1:621675870 38860       3       org.eclipse.core.internal.registry.TableWriter::saveConfigurationElement (275 bytes)

Stack: [0x00000003cf800000,0x00000003cf900000]
Native frames: (J=compiled Java code, j=interpreted, Vv=VM code, C=native code)
V  [jvm.dll+0x682a19]
V  [jvm.dll+0x839538]
V  [jvm.dll+0x83afe3]
V  [jvm.dll+0x83b607]
V  [jvm.dll+0x246f7a]
V  [jvm.dll+0x246eb3]
V  [jvm.dll+0x6d41a5]
V  [jvm.dll+0x6d2935]
V  [jvm.dll+0x200a66]
V  [jvm.dll+0x1fec7f]
V  [jvm.dll+0x657a53]
V  [jvm.dll+0x65aac1]
V  [jvm.dll+0x1c3c09]
V  [jvm.dll+0x135110]
V  [jvm.dll+0x1344a1]
V  [jvm.dll+0x13618d]
V  [jvm.dll+0x22788c]
V  [jvm.dll+0x2259eb]
V  [jvm.dll+0x7eec98]
V  [jvm.dll+0x7e8ffc]
V  [jvm.dll+0x6818f7]
C  [ucrtbase.dll+0x29333]
C  [KERNEL32.DLL+0x1259d]
C  [ntdll.dll+0x5af38]


---------------  P R O C E S S  ---------------

Threads class SMR info:
_java_thread_list=0x0000019faeb070d0, length=59, elements={
0x0000019f8a8a4660, 0x0000019f9e727020, 0x0000019f9e7283a0, 0x0000019fa38cd010,
0x0000019fa38cdda0, 0x0000019fa38d15d0, 0x0000019fa38d4750, 0x0000019fa38de390,
0x0000019fa38e97a0, 0x0000019fa38f44a0, 0x0000019fa3a6f570, 0x0000019fa3a6fa80,
0x0000019fa3a704a0, 0x0000019fa3a713d0, 0x0000019fa3a709b0, 0x0000019fa3a70ec0,
0x0000019fa3a718e0, 0x0000019fa3a6f060, 0x0000019fa3a6ff90, 0x0000019fa63e0b10,
0x0000019fa63e7050, 0x0000019fa63e1530, 0x0000019fa63e42c0, 0x0000019fa63e6120,
0x0000019fa63e00f0, 0x0000019fa63e6630, 0x0000019fa63e2970, 0x0000019fa63e1020,
0x0000019fa63e51f0, 0x0000019fa63e2e80, 0x0000019fa63e0600, 0x0000019fa63e1a40,
0x0000019fa63e38a0, 0x0000019fa63dfbe0, 0x0000019fa63e6b40, 0x0000019fa63e3390,
0x0000019fa63e7560, 0x0000019fa9bcc700, 0x0000019fa9bd08d0, 0x0000019fa9bcfeb0,
0x0000019fa9bcc1f0, 0x0000019fa9bca390, 0x0000019fa9bcadb0, 0x0000019fa9bccc10,
0x0000019fad1d9f60, 0x0000019fa9bce050, 0x0000019fa9bce560, 0x0000019faef92030,
0x0000019faef957e0, 0x0000019faef91610, 0x0000019fad1dfa80, 0x0000019fada56f50,
0x0000019faa403fc0, 0x0000019faa4049e0, 0x0000019fad1de640, 0x0000019fad1da980,
0x0000019faf6d5780, 0x0000019faf6d6cc0, 0x0000019faf6d8200
}

Java Threads: ( => current thread )
  0x0000019f8a8a4660 JavaThread "main" [_thread_blocked, id=47864, stack(0x00000003cd200000,0x00000003cd300000)]
  0x0000019f9e727020 JavaThread "Reference Handler" daemon [_thread_blocked, id=47664, stack(0x00000003cd500000,0x00000003cd600000)]
  0x0000019f9e7283a0 JavaThread "Finalizer" daemon [_thread_blocked, id=47580, stack(0x00000003cd600000,0x00000003cd700000)]
  0x0000019fa38cd010 JavaThread "Signal Dispatcher" daemon [_thread_blocked, id=47504, stack(0x00000003cd700000,0x00000003cd800000)]
  0x0000019fa38cdda0 JavaThread "Attach Listener" daemon [_thread_blocked, id=47500, stack(0x00000003cd800000,0x00000003cd900000)]
  0x0000019fa38d15d0 JavaThread "Service Thread" daemon [_thread_blocked, id=47420, stack(0x00000003cd900000,0x00000003cda00000)]
  0x0000019fa38d4750 JavaThread "Monitor Deflation Thread" daemon [_thread_blocked, id=47492, stack(0x00000003cda00000,0x00000003cdb00000)]
  0x0000019fa38de390 JavaThread "C2 CompilerThread0" daemon [_thread_in_vm, id=47496, stack(0x00000003cdb00000,0x00000003cdc00000)]
  0x0000019fa38e97a0 JavaThread "C1 CompilerThread0" daemon [_thread_blocked, id=47488, stack(0x00000003cdc00000,0x00000003cdd00000)]
  0x0000019fa38f44a0 JavaThread "Sweeper thread" daemon [_thread_blocked, id=47716, stack(0x00000003cdd00000,0x00000003cde00000)]
  0x0000019fa3a6f570 JavaThread "Common-Cleaner" daemon [_thread_blocked, id=47724, stack(0x00000003cde00000,0x00000003cdf00000)]
  0x0000019fa3a6fa80 JavaThread "Notification Thread" daemon [_thread_blocked, id=47728, stack(0x00000003ce300000,0x00000003ce400000)]
  0x0000019fa3a704a0 JavaThread "Active Thread: Equinox Container: ff907414-dbb5-426c-9f3e-536608f6a5df" [_thread_blocked, id=23088, stack(0x00000003ceb00000,0x00000003cec00000)]
  0x0000019fa3a713d0 JavaThread "Refresh Thread: Equinox Container: ff907414-dbb5-426c-9f3e-536608f6a5df" daemon [_thread_blocked, id=48800, stack(0x00000003cdf00000,0x00000003ce000000)]
  0x0000019fa3a709b0 JavaThread "Framework Event Dispatcher: Equinox Container: ff907414-dbb5-426c-9f3e-536608f6a5df" daemon [_thread_blocked, id=48712, stack(0x00000003ce200000,0x00000003ce300000)]
  0x0000019fa3a70ec0 JavaThread "Start Level: Equinox Container: ff907414-dbb5-426c-9f3e-536608f6a5df" daemon [_thread_blocked, id=48980, stack(0x00000003ce500000,0x00000003ce600000)]
  0x0000019fa3a718e0 JavaThread "Bundle File Closer" daemon [_thread_blocked, id=48008, stack(0x00000003ced00000,0x00000003cee00000)]
  0x0000019fa3a6f060 JavaThread "SCR Component Actor" daemon [_thread_blocked, id=49332, stack(0x00000003cf000000,0x00000003cf100000)]
  0x0000019fa3a6ff90 JavaThread "Worker-JM" [_thread_blocked, id=49408, stack(0x00000003cf700000,0x00000003cf800000)]
  0x0000019fa63e0b10 JavaThread "JNA Cleaner" daemon [_thread_blocked, id=49448, stack(0x00000003cfb00000,0x00000003cfc00000)]
  0x0000019fa63e7050 JavaThread "Thread-2" daemon [_thread_in_native, id=49904, stack(0x00000003d0500000,0x00000003d0600000)]
  0x0000019fa63e1530 JavaThread "Thread-3" daemon [_thread_in_native, id=49908, stack(0x00000003d0600000,0x00000003d0700000)]
  0x0000019fa63e42c0 JavaThread "Thread-4" daemon [_thread_in_native, id=49912, stack(0x00000003d0700000,0x00000003d0800000)]
  0x0000019fa63e6120 JavaThread "Thread-5" daemon [_thread_in_native, id=49916, stack(0x00000003d0800000,0x00000003d0900000)]
  0x0000019fa63e00f0 JavaThread "Thread-6" daemon [_thread_in_native, id=49920, stack(0x00000003d0900000,0x00000003d0a00000)]
  0x0000019fa63e6630 JavaThread "Thread-7" daemon [_thread_in_native, id=49924, stack(0x00000003d0a00000,0x00000003d0b00000)]
  0x0000019fa63e2970 JavaThread "Thread-8" daemon [_thread_in_native, id=49928, stack(0x00000003d0b00000,0x00000003d0c00000)]
  0x0000019fa63e1020 JavaThread "Thread-9" daemon [_thread_in_native, id=49932, stack(0x00000003d0c00000,0x00000003d0d00000)]
  0x0000019fa63e51f0 JavaThread "Thread-10" daemon [_thread_in_native, id=49936, stack(0x00000003d0d00000,0x00000003d0e00000)]
  0x0000019fa63e2e80 JavaThread "Thread-11" daemon [_thread_in_native, id=49940, stack(0x00000003d0e00000,0x00000003d0f00000)]
  0x0000019fa63e0600 JavaThread "Thread-12" daemon [_thread_in_native, id=49944, stack(0x00000003d0f00000,0x00000003d1000000)]
  0x0000019fa63e1a40 JavaThread "Thread-13" daemon [_thread_in_native, id=49948, stack(0x00000003d1000000,0x00000003d1100000)]
  0x0000019fa63e38a0 JavaThread "Thread-14" daemon [_thread_in_native, id=49952, stack(0x00000003d1100000,0x00000003d1200000)]
  0x0000019fa63dfbe0 JavaThread "Thread-15" daemon [_thread_in_native, id=49956, stack(0x00000003d1200000,0x00000003d1300000)]
  0x0000019fa63e6b40 JavaThread "Thread-16" daemon [_thread_in_native, id=49960, stack(0x00000003d1300000,0x00000003d1400000)]
  0x0000019fa63e3390 JavaThread "Thread-17" daemon [_thread_in_native, id=49964, stack(0x00000003d1400000,0x00000003d1500000)]
  0x0000019fa63e7560 JavaThread "Thread-18" daemon [_thread_in_native, id=49968, stack(0x00000003d1500000,0x00000003d1600000)]
  0x0000019fa9bcc700 JavaThread "Thread-19" daemon [_thread_in_native, id=49972, stack(0x00000003d1600000,0x00000003d1700000)]
  0x0000019fa9bd08d0 JavaThread "Thread-20" daemon [_thread_in_native, id=49976, stack(0x00000003d1700000,0x00000003d1800000)]
  0x0000019fa9bcfeb0 JavaThread "Thread-21" daemon [_thread_in_native, id=49980, stack(0x00000003d1800000,0x00000003d1900000)]
  0x0000019fa9bcc1f0 JavaThread "Thread-22" daemon [_thread_in_native, id=49984, stack(0x00000003d1900000,0x00000003d1a00000)]
  0x0000019fa9bca390 JavaThread "pool-2-thread-1" [_thread_blocked, id=49988, stack(0x00000003d1a00000,0x00000003d1b00000)]
  0x0000019fa9bcadb0 JavaThread "WorkspaceEventsHandler" [_thread_blocked, id=50024, stack(0x00000003d1b00000,0x00000003d1c00000)]
  0x0000019fa9bccc10 JavaThread "pool-1-thread-1" [_thread_blocked, id=50028, stack(0x00000003d1c00000,0x00000003d1d00000)]
  0x0000019fad1d9f60 JavaThread "Cleaner-0" daemon [_thread_blocked, id=44608, stack(0x00000003d6500000,0x00000003d6600000)]
  0x0000019fa9bce050 JavaThread "Java Debug Server" daemon [_thread_in_native, id=44120, stack(0x00000003cf100000,0x00000003cf200000)]
  0x0000019fa9bce560 JavaThread "pool-5-thread-1" [_thread_blocked, id=40848, stack(0x00000003cf400000,0x00000003cf500000)]
  0x0000019faef92030 JavaThread "RxSchedulerPurge-1" daemon [_thread_blocked, id=49384, stack(0x00000003cfa00000,0x00000003cfb00000)]
  0x0000019faef957e0 JavaThread "RxCachedWorkerPoolEvictor-1" daemon [_thread_blocked, id=49600, stack(0x00000003d4200000,0x00000003d4300000)]
  0x0000019faef91610 JavaThread "process reaper (pid 47240)" daemon [_thread_in_native, id=47272, stack(0x00000003ccb10000,0x00000003ccb30000)]
  0x0000019fad1dfa80 JavaThread "Worker-133" [_thread_blocked, id=62536, stack(0x00000003d2400000,0x00000003d2500000)]
  0x0000019fada56f50 JavaThread "Worker-138" [_thread_blocked, id=61176, stack(0x00000003d2500000,0x00000003d2600000)]
  0x0000019faa403fc0 JavaThread "ForkJoinPool.commonPool-worker-356" daemon [_thread_blocked, id=61444, stack(0x00000003ccf00000,0x00000003cd000000)]
  0x0000019faa4049e0 JavaThread "pool-7-thread-1" [_thread_blocked, id=39988, stack(0x00000003cd000000,0x00000003cd100000)]
  0x0000019fad1de640 JavaThread "Framework stop - Equinox Container: ff907414-dbb5-426c-9f3e-536608f6a5df" [_thread_blocked, id=59716, stack(0x00000003cd100000,0x00000003cd200000)]
  0x0000019fad1da980 JavaThread "SCR Component Registry" daemon [_thread_blocked, id=27312, stack(0x00000003cf200000,0x00000003cf300000)]
  0x0000019faf6d5780 JavaThread "C1 CompilerThread1" daemon [_thread_blocked, id=65436, stack(0x00000003cec00000,0x00000003ced00000)]
  0x0000019faf6d6cc0 JavaThread "C1 CompilerThread2" daemon [_thread_blocked, id=61212, stack(0x00000003cf300000,0x00000003cf400000)]
=>0x0000019faf6d8200 JavaThread "C1 CompilerThread3" daemon [_thread_in_vm, id=29412, stack(0x00000003cf800000,0x00000003cf900000)]

Other Threads:
  0x0000019f9e711fa0 VMThread "VM Thread" [stack: 0x00000003cd400000,0x00000003cd500000] [id=47604]
  0x0000019fa615d710 WatcherThread [stack: 0x00000003ce400000,0x00000003ce500000] [id=6116]
  0x0000019f8a8b9230 GCTaskThread "GC Thread#0" [stack: 0x00000003cd300000,0x00000003cd400000] [id=47344]
  0x0000019fa69f6a20 GCTaskThread "GC Thread#1" [stack: 0x00000003ce600000,0x00000003ce700000] [id=47212]
  0x0000019fa648e090 GCTaskThread "GC Thread#2" [stack: 0x00000003ce700000,0x00000003ce800000] [id=47264]
  0x0000019fa648e350 GCTaskThread "GC Thread#3" [stack: 0x00000003ce800000,0x00000003ce900000] [id=47276]
  0x0000019fa648e610 GCTaskThread "GC Thread#4" [stack: 0x00000003ce900000,0x00000003cea00000] [id=48072]
  0x0000019fa648e8d0 GCTaskThread "GC Thread#5" [stack: 0x00000003cea00000,0x00000003ceb00000] [id=47300]
  0x0000019fa3a53a90 GCTaskThread "GC Thread#6" [stack: 0x00000003ce000000,0x00000003ce100000] [id=48212]
  0x0000019fa38ec0c0 GCTaskThread "GC Thread#7" [stack: 0x00000003ce100000,0x00000003ce200000] [id=47952]
  0x0000019fa6ad7510 GCTaskThread "GC Thread#8" [stack: 0x00000003cee00000,0x00000003cef00000] [id=47508]
  0x0000019fa6ba3fb0 GCTaskThread "GC Thread#9" [stack: 0x00000003cef00000,0x00000003cf000000] [id=38108]
  0x0000019fa672eb60 GCTaskThread "GC Thread#10" [stack: 0x00000003cf500000,0x00000003cf600000] [id=49400]
  0x0000019fa6d6dc70 GCTaskThread "GC Thread#11" [stack: 0x00000003cf600000,0x00000003cf700000] [id=49404]
  0x0000019fa6a8c350 GCTaskThread "GC Thread#12" [stack: 0x00000003cfd00000,0x00000003cfe00000] [id=49460]
  0x0000019fa65cc7a0 GCTaskThread "GC Thread#13" [stack: 0x00000003cfe00000,0x00000003cff00000] [id=49464]
  0x0000019fa6c88510 GCTaskThread "GC Thread#14" [stack: 0x00000003d0000000,0x00000003d0100000] [id=49628]

Threads with active compile tasks:
C2 CompilerThread0  621675890 38863       4       org.eclipse.core.internal.registry.BaseExtensionHandle::getExtension (18 bytes)
C1 CompilerThread3  621675890 38860       3       org.eclipse.core.internal.registry.TableWriter::saveConfigurationElement (275 bytes)

VM state: not at safepoint (normal execution)

VM Mutex/Monitor currently owned by a thread:  ([mutex/lock_event])
[0x0000019f8a89ef90] CodeCache_lock - owner thread: 0x0000019faf6d8200
[0x0000019f8a8a1d70] Compile_lock - owner thread: 0x0000019faf6d8200
[0x0000019f8a8a01e0] MethodCompileQueue_lock - owner thread: 0x0000019faf6d8200

Heap address: 0x00000000c0000000, size: 1024 MB, Compressed Oops mode: 32-bit

CDS archive(s) not mapped
Compressed class space mapped at: 0x0000000100000000-0x0000000140000000, reserved size: 1073741824
Narrow klass base: 0x0000000000000000, Narrow klass shift: 3, Narrow klass range: 0x140000000

GC Precious Log:
 CPUs: 20 total, 20 available
 Memory: 65277M
 Large Page Support: Disabled
 NUMA Support: Disabled
 Compressed Oops: Enabled (32-bit)
 Alignments: Space 512K, Generation 512K, Heap 2M
 Heap Min Capacity: 100M
 Heap Initial Capacity: 100M
 Heap Max Capacity: 1G
 Pre-touch: Disabled
 Parallel Workers: 15

Heap:
 PSYoungGen      total 4608K, used 3675K [0x00000000eab00000, 0x00000000eb500000, 0x0000000100000000)
  eden space 2048K, 77% used [0x00000000eab00000,0x00000000eac8efe8,0x00000000ead00000)
  from space 2560K, 81% used [0x00000000eb280000,0x00000000eb488000,0x00000000eb500000)
  to   space 2560K, 0% used [0x00000000eb000000,0x00000000eb000000,0x00000000eb280000)
 ParOldGen       total 168960K, used 162849K [0x00000000c0000000, 0x00000000ca500000, 0x00000000eab00000)
  object space 168960K, 96% used [0x00000000c0000000,0x00000000c9f086e8,0x00000000ca500000)
 Metaspace       used 106752K, committed 108160K, reserved 1179648K
  class space    used 10232K, committed 10816K, reserved 1048576K

Card table byte_map: [0x0000019f8a230000,0x0000019f8a440000] _byte_map_base: 0x0000019f89c30000

Marking Bits: (ParMarkBitMap*) 0x00007ffb3bcc6940
 Begin Bits: [0x0000019f9c530000, 0x0000019f9d530000)
 End Bits:   [0x0000019f9d530000, 0x0000019f9e530000)

Polling page: 0x0000019f88850000

Metaspace:

Usage:
  Non-class:     94.26 MB used.
      Class:      9.99 MB used.
       Both:    104.25 MB used.

Virtual space:
  Non-class space:      128.00 MB reserved,      95.06 MB ( 74%) committed,  2 nodes.
      Class space:        1.00 GB reserved,      10.56 MB (  1%) committed,  1 nodes.
             Both:        1.12 GB reserved,     105.62 MB (  9%) committed. 

Chunk freelists:
   Non-Class:  496.00 KB
       Class:  5.44 MB
        Both:  5.92 MB

MaxMetaspaceSize: unlimited
CompressedClassSpaceSize: 1.00 GB
Initial GC threshold: 21.00 MB
Current GC threshold: 175.00 MB
CDS: off
MetaspaceReclaimPolicy: balanced
 - commit_granule_bytes: 65536.
 - commit_granule_words: 8192.
 - virtual_space_node_default_size: 8388608.
 - enlarge_chunks_in_place: 1.
 - new_chunks_are_fully_committed: 0.
 - uncommit_free_chunks: 1.
 - use_allocation_guard: 0.
 - handle_deallocations: 1.


Internal statistics:

num_allocs_failed_limit: 6.
num_arena_births: 2660.
num_arena_deaths: 1648.
num_vsnodes_births: 3.
num_vsnodes_deaths: 0.
num_space_committed: 1701.
num_space_uncommitted: 11.
num_chunks_returned_to_freelist: 2257.
num_chunks_taken_from_freelist: 8297.
num_chunk_merges: 823.
num_chunk_splits: 4375.
num_chunks_enlarged: 2121.
num_inconsistent_stats: 0.

CodeHeap 'non-profiled nmethods': size=119168Kb used=42822Kb max_used=42822Kb free=76345Kb
 bounds [0x0000019f950d0000, 0x0000019f97ab0000, 0x0000019f9c530000]
CodeHeap 'profiled nmethods': size=119104Kb used=50540Kb max_used=50880Kb free=68563Kb
 bounds [0x0000019f8d530000, 0x0000019f906f0000, 0x0000019f94980000]
CodeHeap 'non-nmethods': size=7488Kb used=3180Kb max_used=3316Kb free=4307Kb
 bounds [0x0000019f94980000, 0x0000019f94cd0000, 0x0000019f950d0000]
 total_blobs=26701 nmethods=25852 adapters=753
 compilation: enabled
              stopped_count=0, restarted_count=0
 full_count=0

Compilation events (20 events):
Event: 621675.866 Thread 0x0000019faf6d6cc0 38858       3       org.eclipse.core.internal.registry.RegistryObjectManager::shouldPersist (23 bytes)
Event: 621675.866 Thread 0x0000019faf6d6cc0 nmethod 38858 0x0000019f903e3a90 code [0x0000019f903e3c60, 0x0000019f903e4028]
Event: 621675.866 Thread 0x0000019faf6d6cc0 38859       3       org.eclipse.core.internal.registry.ConfigurationElementHandle::getChildren (48 bytes)
Event: 621675.866 Thread 0x0000019faf6d6cc0 nmethod 38859 0x0000019f903e2b90 code [0x0000019f903e2da0, 0x0000019f903e3828]
Event: 621675.866 Thread 0x0000019faf6d6cc0 38852       1       org.eclipse.core.internal.registry.ConfigurationElement::getContributorId (5 bytes)
Event: 621675.866 Thread 0x0000019faf6d6cc0 nmethod 38852 0x0000019f97aa0f90 code [0x0000019f97aa1120, 0x0000019f97aa11f8]
Event: 621675.866 Thread 0x0000019faf6d6cc0 38853       1       org.eclipse.core.internal.registry.ConfigurationElement::getPropertiesAndValue (5 bytes)
Event: 621675.866 Thread 0x0000019faf6d6cc0 nmethod 38853 0x0000019f97aa1290 code [0x0000019f97aa1420, 0x0000019f97aa14f8]
Event: 621675.866 Thread 0x0000019faf6d6cc0 38861       3       org.eclipse.core.internal.registry.ConfigurationElementHandle::getObject (5 bytes)
Event: 621675.867 Thread 0x0000019faf6d6cc0 nmethod 38861 0x0000019f903e2490 code [0x0000019f903e2640, 0x0000019f903e2a68]
Event: 621675.867 Thread 0x0000019faf6d6cc0 38864       1       org.eclipse.core.internal.registry.Extension::getSimpleIdentifier (5 bytes)
Event: 621675.867 Thread 0x0000019faf6d6cc0 nmethod 38864 0x0000019f97aa1590 code [0x0000019f97aa1720, 0x0000019f97aa17f8]
Event: 621675.867 Thread 0x0000019faf6d6cc0 38849       3       org.eclipse.core.internal.registry.TableWriter::writeStringOrNull (58 bytes)
Event: 621675.867 Thread 0x0000019faf6d5780 nmethod 38865 0x0000019f903e1a90 code [0x0000019f903e1c60, 0x0000019f903e22f8]
Event: 621675.867 Thread 0x0000019faf6d5780 38866       3       org.eclipse.core.internal.registry.BaseExtensionHandle::shouldPersist (8 bytes)
Event: 621675.867 Thread 0x0000019fa38e97a0 nmethod 38854 0x0000019f90394210 code [0x0000019f903943e0, 0x0000019f90394948]
Event: 621675.867 Thread 0x0000019fa38e97a0 38850       3       org.eclipse.core.internal.registry.RegistryObject::shouldPersist (16 bytes)
Event: 621675.867 Thread 0x0000019faf6d5780 nmethod 38866 0x0000019f90392490 code [0x0000019f90392660, 0x0000019f90392bc8]
Event: 621675.868 Thread 0x0000019faf6d6cc0 nmethod 38849 0x0000019f90392d10 code [0x0000019f90392fa0, 0x0000019f90393d28]
Event: 621675.868 Thread 0x0000019fa38e97a0 nmethod 38850 0x0000019f905baa10 code [0x0000019f905baba0, 0x0000019f905bad18]

GC Heap History (20 events):
Event: 619714.482 GC heap before
{Heap before GC invocations=27397 (full 560):
 PSYoungGen      total 7680K, used 7392K [0x00000000eab00000, 0x00000000eb500000, 0x0000000100000000)
  eden space 7168K, 100% used [0x00000000eab00000,0x00000000eb200000,0x00000000eb200000)
  from space 512K, 43% used [0x00000000eb480000,0x00000000eb4b8000,0x00000000eb500000)
  to   space 512K, 0% used [0x00000000eb400000,0x00000000eb400000,0x00000000eb480000)
 ParOldGen       total 168960K, used 141222K [0x00000000c0000000, 0x00000000ca500000, 0x00000000eab00000)
  object space 168960K, 83% used [0x00000000c0000000,0x00000000c89e9b20,0x00000000ca500000)
 Metaspace       used 106424K, committed 107776K, reserved 1179648K
  class space    used 10178K, committed 10752K, reserved 1048576K
}
Event: 619714.483 GC heap after
{Heap after GC invocations=27397 (full 560):
 PSYoungGen      total 7680K, used 256K [0x00000000eab00000, 0x00000000eb500000, 0x0000000100000000)
  eden space 7168K, 0% used [0x00000000eab00000,0x00000000eab00000,0x00000000eb200000)
  from space 512K, 50% used [0x00000000eb400000,0x00000000eb440000,0x00000000eb480000)
  to   space 512K, 0% used [0x00000000eb480000,0x00000000eb480000,0x00000000eb500000)
 ParOldGen       total 168960K, used 141222K [0x00000000c0000000, 0x00000000ca500000, 0x00000000eab00000)
  object space 168960K, 83% used [0x00000000c0000000,0x00000000c89e9b20,0x00000000ca500000)
 Metaspace       used 106424K, committed 107776K, reserved 1179648K
  class space    used 10178K, committed 10752K, reserved 1048576K
}
Event: 621674.915 GC heap before
{Heap before GC invocations=27398 (full 560):
 PSYoungGen      total 7680K, used 7423K [0x00000000eab00000, 0x00000000eb500000, 0x0000000100000000)
  eden space 7168K, 99% used [0x00000000eab00000,0x00000000eb1ffff8,0x00000000eb200000)
  from space 512K, 50% used [0x00000000eb400000,0x00000000eb440000,0x00000000eb480000)
  to   space 512K, 0% used [0x00000000eb480000,0x00000000eb480000,0x00000000eb500000)
 ParOldGen       total 168960K, used 141222K [0x00000000c0000000, 0x00000000ca500000, 0x00000000eab00000)
  object space 168960K, 83% used [0x00000000c0000000,0x00000000c89e9b20,0x00000000ca500000)
 Metaspace       used 106664K, committed 108096K, reserved 1179648K
  class space    used 10226K, committed 10816K, reserved 1048576K
}
Event: 621674.919 GC heap after
{Heap after GC invocations=27398 (full 560):
 PSYoungGen      total 7680K, used 501K [0x00000000eab00000, 0x00000000eb500000, 0x0000000100000000)
  eden space 7168K, 0% used [0x00000000eab00000,0x00000000eab00000,0x00000000eb200000)
  from space 512K, 98% used [0x00000000eb480000,0x00000000eb4fd7e0,0x00000000eb500000)
  to   space 1024K, 0% used [0x00000000eb300000,0x00000000eb300000,0x00000000eb400000)
 ParOldGen       total 168960K, used 141483K [0x00000000c0000000, 0x00000000ca500000, 0x00000000eab00000)
  object space 168960K, 83% used [0x00000000c0000000,0x00000000c8a2ae08,0x00000000ca500000)
 Metaspace       used 106664K, committed 108096K, reserved 1179648K
  class space    used 10226K, committed 10816K, reserved 1048576K
}
Event: 621674.932 GC heap before
{Heap before GC invocations=27399 (full 560):
 PSYoungGen      total 7680K, used 7669K [0x00000000eab00000, 0x00000000eb500000, 0x0000000100000000)
  eden space 7168K, 100% used [0x00000000eab00000,0x00000000eb200000,0x00000000eb200000)
  from space 512K, 98% used [0x00000000eb480000,0x00000000eb4fd7e0,0x00000000eb500000)
  to   space 1024K, 0% used [0x00000000eb300000,0x00000000eb300000,0x00000000eb400000)
 ParOldGen       total 168960K, used 141483K [0x00000000c0000000, 0x00000000ca500000, 0x00000000eab00000)
  object space 168960K, 83% used [0x00000000c0000000,0x00000000c8a2ae08,0x00000000ca500000)
 Metaspace       used 106664K, committed 108096K, reserved 1179648K
  class space    used 10226K, committed 10816K, reserved 1048576K
}
Event: 621674.943 GC heap after
{Heap after GC invocations=27399 (full 560):
 PSYoungGen      total 8192K, used 1012K [0x00000000eab00000, 0x00000000ec300000, 0x0000000100000000)
  eden space 7168K, 0% used [0x00000000eab00000,0x00000000eab00000,0x00000000eb200000)
  from space 1024K, 98% used [0x00000000eb300000,0x00000000eb3fd3a8,0x00000000eb400000)
  to   space 8704K, 0% used [0x00000000eba80000,0x00000000eba80000,0x00000000ec300000)
 ParOldGen       total 168960K, used 147858K [0x00000000c0000000, 0x00000000ca500000, 0x00000000eab00000)
  object space 168960K, 87% used [0x00000000c0000000,0x00000000c90649d0,0x00000000ca500000)
 Metaspace       used 106664K, committed 108096K, reserved 1179648K
  class space    used 10226K, committed 10816K, reserved 1048576K
}
Event: 621674.961 GC heap before
{Heap before GC invocations=27400 (full 560):
 PSYoungGen      total 8192K, used 8120K [0x00000000eab00000, 0x00000000ec300000, 0x0000000100000000)
  eden space 7168K, 99% used [0x00000000eab00000,0x00000000eb1f0d40,0x00000000eb200000)
  from space 1024K, 98% used [0x00000000eb300000,0x00000000eb3fd3a8,0x00000000eb400000)
  to   space 8704K, 0% used [0x00000000eba80000,0x00000000eba80000,0x00000000ec300000)
 ParOldGen       total 168960K, used 147858K [0x00000000c0000000, 0x00000000ca500000, 0x00000000eab00000)
  object space 168960K, 87% used [0x00000000c0000000,0x00000000c90649d0,0x00000000ca500000)
 Metaspace       used 106664K, committed 108096K, reserved 1179648K
  class space    used 10226K, committed 10816K, reserved 1048576K
}
Event: 621674.966 GC heap after
{Heap after GC invocations=27400 (full 560):
 PSYoungGen      total 15360K, used 8664K [0x00000000eab00000, 0x00000000ec400000, 0x0000000100000000)
  eden space 6656K, 0% used [0x00000000eab00000,0x00000000eab00000,0x00000000eb180000)
  from space 8704K, 99% used [0x00000000eba80000,0x00000000ec2f6370,0x00000000ec300000)
  to   space 9216K, 0% used [0x00000000eb180000,0x00000000eb180000,0x00000000eba80000)
 ParOldGen       total 168960K, used 147866K [0x00000000c0000000, 0x00000000ca500000, 0x00000000eab00000)
  object space 168960K, 87% used [0x00000000c0000000,0x00000000c90669d0,0x00000000ca500000)
 Metaspace       used 106664K, committed 108096K, reserved 1179648K
  class space    used 10226K, committed 10816K, reserved 1048576K
}
Event: 621675.049 GC heap before
{Heap before GC invocations=27401 (full 560):
 PSYoungGen      total 15360K, used 15320K [0x00000000eab00000, 0x00000000ec400000, 0x0000000100000000)
  eden space 6656K, 100% used [0x00000000eab00000,0x00000000eb180000,0x00000000eb180000)
  from space 8704K, 99% used [0x00000000eba80000,0x00000000ec2f6370,0x00000000ec300000)
  to   space 9216K, 0% used [0x00000000eb180000,0x00000000eb180000,0x00000000eba80000)
 ParOldGen       total 168960K, used 147866K [0x00000000c0000000, 0x00000000ca500000, 0x00000000eab00000)
  object space 168960K, 87% used [0x00000000c0000000,0x00000000c90669d0,0x00000000ca500000)
 Metaspace       used 106664K, committed 108096K, reserved 1179648K
  class space    used 10226K, committed 10816K, reserved 1048576K
}
Event: 621675.053 GC heap after
{Heap after GC invocations=27401 (full 560):
 PSYoungGen      total 13824K, used 7068K [0x00000000eab00000, 0x00000000ec080000, 0x0000000100000000)
  eden space 6656K, 0% used [0x00000000eab00000,0x00000000eab00000,0x00000000eb180000)
  from space 7168K, 98% used [0x00000000eb180000,0x00000000eb8670b0,0x00000000eb880000)
  to   space 7680K, 0% used [0x00000000eb900000,0x00000000eb900000,0x00000000ec080000)
 ParOldGen       total 168960K, used 147866K [0x00000000c0000000, 0x00000000ca500000, 0x00000000eab00000)
  object space 168960K, 87% used [0x00000000c0000000,0x00000000c90669d0,0x00000000ca500000)
 Metaspace       used 106664K, committed 108096K, reserved 1179648K
  class space    used 10226K, committed 10816K, reserved 1048576K
}
Event: 621675.067 GC heap before
{Heap before GC invocations=27402 (full 560):
 PSYoungGen      total 13824K, used 13724K [0x00000000eab00000, 0x00000000ec080000, 0x0000000100000000)
  eden space 6656K, 100% used [0x00000000eab00000,0x00000000eb180000,0x00000000eb180000)
  from space 7168K, 98% used [0x00000000eb180000,0x00000000eb8670b0,0x00000000eb880000)
  to   space 7680K, 0% used [0x00000000eb900000,0x00000000eb900000,0x00000000ec080000)
 ParOldGen       total 168960K, used 147866K [0x00000000c0000000, 0x00000000ca500000, 0x00000000eab00000)
  object space 168960K, 87% used [0x00000000c0000000,0x00000000c90669d0,0x00000000ca500000)
 Metaspace       used 106664K, committed 108096K, reserved 1179648K
  class space    used 10226K, committed 10816K, reserved 1048576K
}
Event: 621675.076 GC heap after
{Heap after GC invocations=27402 (full 560):
 PSYoungGen      total 8192K, used 7676K [0x00000000eab00000, 0x00000000ece80000, 0x0000000100000000)
  eden space 512K, 0% used [0x00000000eab00000,0x00000000eab00000,0x00000000eab80000)
  from space 7680K, 99% used [0x00000000eb900000,0x00000000ec07f0b0,0x00000000ec080000)
  to   space 13824K, 0% used [0x00000000eab80000,0x00000000eab80000,0x00000000eb900000)
 ParOldGen       total 168960K, used 153714K [0x00000000c0000000, 0x00000000ca500000, 0x00000000eab00000)
  object space 168960K, 90% used [0x00000000c0000000,0x00000000c961c9d0,0x00000000ca500000)
 Metaspace       used 106664K, committed 108096K, reserved 1179648K
  class space    used 10226K, committed 10816K, reserved 1048576K
}
Event: 621675.078 GC heap before
{Heap before GC invocations=27403 (full 560):
 PSYoungGen      total 8192K, used 8188K [0x00000000eab00000, 0x00000000ece80000, 0x0000000100000000)
  eden space 512K, 100% used [0x00000000eab00000,0x00000000eab80000,0x00000000eab80000)
  from space 7680K, 99% used [0x00000000eb900000,0x00000000ec07f0b0,0x00000000ec080000)
  to   space 13824K, 0% used [0x00000000eab80000,0x00000000eab80000,0x00000000eb900000)
 ParOldGen       total 168960K, used 153714K [0x00000000c0000000, 0x00000000ca500000, 0x00000000eab00000)
  object space 168960K, 90% used [0x00000000c0000000,0x00000000c961c9d0,0x00000000ca500000)
 Metaspace       used 106664K, committed 108096K, reserved 1179648K
  class space    used 10226K, committed 10816K, reserved 1048576K
}
Event: 621675.082 GC heap after
{Heap after GC invocations=27403 (full 560):
 PSYoungGen      total 9216K, used 8326K [0x00000000eab00000, 0x00000000ec000000, 0x0000000100000000)
  eden space 512K, 0% used [0x00000000eab00000,0x00000000eab00000,0x00000000eab80000)
  from space 8704K, 95% used [0x00000000eab80000,0x00000000eb3a18d0,0x00000000eb400000)
  to   space 10240K, 0% used [0x00000000eb600000,0x00000000eb600000,0x00000000ec000000)
 ParOldGen       total 168960K, used 153880K [0x00000000c0000000, 0x00000000ca500000, 0x00000000eab00000)
  object space 168960K, 91% used [0x00000000c0000000,0x00000000c96461b0,0x00000000ca500000)
 Metaspace       used 106664K, committed 108096K, reserved 1179648K
  class space    used 10226K, committed 10816K, reserved 1048576K
}
Event: 621675.084 GC heap before
{Heap before GC invocations=27404 (full 560):
 PSYoungGen      total 9216K, used 8787K [0x00000000eab00000, 0x00000000ec000000, 0x0000000100000000)
  eden space 512K, 90% used [0x00000000eab00000,0x00000000eab73410,0x00000000eab80000)
  from space 8704K, 95% used [0x00000000eab80000,0x00000000eb3a18d0,0x00000000eb400000)
  to   space 10240K, 0% used [0x00000000eb600000,0x00000000eb600000,0x00000000ec000000)
 ParOldGen       total 168960K, used 153880K [0x00000000c0000000, 0x00000000ca500000, 0x00000000eab00000)
  object space 168960K, 91% used [0x00000000c0000000,0x00000000c96461b0,0x00000000ca500000)
 Metaspace       used 106664K, committed 108096K, reserved 1179648K
  class space    used 10226K, committed 10816K, reserved 1048576K
}
Event: 621675.088 GC heap after
{Heap after GC invocations=27404 (full 560):
 PSYoungGen      total 8192K, used 6729K [0x00000000eab00000, 0x00000000ebd00000, 0x0000000100000000)
  eden space 1024K, 0% used [0x00000000eab00000,0x00000000eab00000,0x00000000eac00000)
  from space 7168K, 93% used [0x00000000eb600000,0x00000000ebc92538,0x00000000ebd00000)
  to   space 7680K, 0% used [0x00000000eae00000,0x00000000eae00000,0x00000000eb580000)
 ParOldGen       total 168960K, used 156168K [0x00000000c0000000, 0x00000000ca500000, 0x00000000eab00000)
  object space 168960K, 92% used [0x00000000c0000000,0x00000000c98821b0,0x00000000ca500000)
 Metaspace       used 106664K, committed 108096K, reserved 1179648K
  class space    used 10226K, committed 10816K, reserved 1048576K
}
Event: 621675.093 GC heap before
{Heap before GC invocations=27405 (full 560):
 PSYoungGen      total 8192K, used 7753K [0x00000000eab00000, 0x00000000ebd00000, 0x0000000100000000)
  eden space 1024K, 99% used [0x00000000eab00000,0x00000000eabffff8,0x00000000eac00000)
  from space 7168K, 93% used [0x00000000eb600000,0x00000000ebc92538,0x00000000ebd00000)
  to   space 7680K, 0% used [0x00000000eae00000,0x00000000eae00000,0x00000000eb580000)
 ParOldGen       total 168960K, used 156168K [0x00000000c0000000, 0x00000000ca500000, 0x00000000eab00000)
  object space 168960K, 92% used [0x00000000c0000000,0x00000000c98821b0,0x00000000ca500000)
 Metaspace       used 106664K, committed 108096K, reserved 1179648K
  class space    used 10226K, committed 10816K, reserved 1048576K
}
Event: 621675.101 GC heap after
{Heap after GC invocations=27405 (full 560):
 PSYoungGen      total 3584K, used 1696K [0x00000000eab00000, 0x00000000eb680000, 0x0000000100000000)
  eden space 1536K, 0% used [0x00000000eab00000,0x00000000eab00000,0x00000000eac80000)
  from space 2048K, 82% used [0x00000000eae00000,0x00000000eafa8000,0x00000000eb000000)
  to   space 4096K, 0% used [0x00000000eb280000,0x00000000eb280000,0x00000000eb680000)
 ParOldGen       total 168960K, used 162057K [0x00000000c0000000, 0x00000000ca500000, 0x00000000eab00000)
  object space 168960K, 95% used [0x00000000c0000000,0x00000000c9e426e8,0x00000000ca500000)
 Metaspace       used 106664K, committed 108096K, reserved 1179648K
  class space    used 10226K, committed 10816K, reserved 1048576K
}
Event: 621675.109 GC heap before
{Heap before GC invocations=27406 (full 560):
 PSYoungGen      total 3584K, used 3232K [0x00000000eab00000, 0x00000000eb680000, 0x0000000100000000)
  eden space 1536K, 100% used [0x00000000eab00000,0x00000000eac80000,0x00000000eac80000)
  from space 2048K, 82% used [0x00000000eae00000,0x00000000eafa8000,0x00000000eb000000)
  to   space 4096K, 0% used [0x00000000eb280000,0x00000000eb280000,0x00000000eb680000)
 ParOldGen       total 168960K, used 162057K [0x00000000c0000000, 0x00000000ca500000, 0x00000000eab00000)
  object space 168960K, 95% used [0x00000000c0000000,0x00000000c9e426e8,0x00000000ca500000)
 Metaspace       used 106664K, committed 108096K, reserved 1179648K
  class space    used 10226K, committed 10816K, reserved 1048576K
}
Event: 621675.112 GC heap after
{Heap after GC invocations=27406 (full 560):
 PSYoungGen      total 4608K, used 2080K [0x00000000eab00000, 0x00000000eb500000, 0x0000000100000000)
  eden space 2048K, 0% used [0x00000000eab00000,0x00000000eab00000,0x00000000ead00000)
  from space 2560K, 81% used [0x00000000eb280000,0x00000000eb488000,0x00000000eb500000)
  to   space 2560K, 0% used [0x00000000eb000000,0x00000000eb000000,0x00000000eb280000)
 ParOldGen       total 168960K, used 162849K [0x00000000c0000000, 0x00000000ca500000, 0x00000000eab00000)
  object space 168960K, 96% used [0x00000000c0000000,0x00000000c9f086e8,0x00000000ca500000)
 Metaspace       used 106664K, committed 108096K, reserved 1179648K
  class space    used 10226K, committed 10816K, reserved 1048576K
}

Dll operation events (12 events):
Event: 0.144 Loaded shared library c:\Users\bryanesteban\.vscode\extensions\redhat.java-1.38.0-win32-x64\jre\17.0.13-win32-x86_64\bin\java.dll
Event: 0.297 Loaded shared library c:\Users\bryanesteban\.vscode\extensions\redhat.java-1.38.0-win32-x64\jre\17.0.13-win32-x86_64\bin\zip.dll
Event: 0.299 Loaded shared library C:\Users\bryanesteban\.vscode\extensions\redhat.java-1.38.0-win32-x64\jre\17.0.13-win32-x86_64\bin\instrument.dll
Event: 0.359 Loaded shared library C:\Users\bryanesteban\.vscode\extensions\redhat.java-1.38.0-win32-x64\jre\17.0.13-win32-x86_64\bin\net.dll
Event: 0.420 Loaded shared library C:\Users\bryanesteban\.vscode\extensions\redhat.java-1.38.0-win32-x64\jre\17.0.13-win32-x86_64\bin\nio.dll
Event: 0.423 Loaded shared library C:\Users\bryanesteban\.vscode\extensions\redhat.java-1.38.0-win32-x64\jre\17.0.13-win32-x86_64\bin\zip.dll
Event: 0.432 Loaded shared library C:\Users\bryanesteban\.vscode\extensions\redhat.java-1.38.0-win32-x64\jre\17.0.13-win32-x86_64\bin\jimage.dll
Event: 0.493 Loaded shared library c:\Users\bryanesteban\.vscode\extensions\redhat.java-1.38.0-win32-x64\jre\17.0.13-win32-x86_64\bin\verify.dll
Event: 6.182 Loaded shared library C:\Users\bryanesteban\AppData\Roaming\Code\User\globalStorage\redhat.java\1.38.0\config_win\org.eclipse.equinox.launcher\org.eclipse.equinox.launcher.win32.win32.x86_64_1.2.1100.v20240722-2106\eclipse_11904.dll
Event: 13.089 Loaded shared library C:\Users\bryanesteban\AppData\Local\Temp\jna-820212538\jna14658554271793817736.dll
Event: 14.827 Loaded shared library C:\Users\bryanesteban\.vscode\extensions\redhat.java-1.38.0-win32-x64\jre\17.0.13-win32-x86_64\bin\sunmscapi.dll
Event: 14.988 Loaded shared library C:\Users\bryanesteban\.vscode\extensions\redhat.java-1.38.0-win32-x64\jre\17.0.13-win32-x86_64\bin\extnet.dll

Deoptimization events (20 events):
Event: 621674.892 Thread 0x0000019fad1dfa80 Uncommon trap: trap_request=0xffffff45 fr.pc=0x0000019f96a6d1d0 relative=0x00000000000001b0
Event: 621674.892 Thread 0x0000019fad1dfa80 Uncommon trap: reason=unstable_if action=reinterpret pc=0x0000019f96a6d1d0 method=java.lang.Module.getLayer()Ljava/lang/ModuleLayer; @ 22 c2
Event: 621674.892 Thread 0x0000019fad1dfa80 DEOPT PACKING pc=0x0000019f96a6d1d0 sp=0x00000003d24fea20
Event: 621674.892 Thread 0x0000019fad1dfa80 DEOPT UNPACKING pc=0x0000019f949d66a3 sp=0x00000003d24fe9b0 mode 2
Event: 621675.643 Thread 0x0000019fad1de640 Uncommon trap: trap_request=0xffffffc6 fr.pc=0x0000019f965897d0 relative=0x0000000000000470
Event: 621675.643 Thread 0x0000019fad1de640 Uncommon trap: reason=bimorphic_or_optimized_type_check action=maybe_recompile pc=0x0000019f965897d0 method=java.util.stream.SortedOps$SizedRefSortingSink.end()V @ 57 c2
Event: 621675.643 Thread 0x0000019fad1de640 DEOPT PACKING pc=0x0000019f965897d0 sp=0x00000003cd1fe3d0
Event: 621675.643 Thread 0x0000019fad1de640 DEOPT UNPACKING pc=0x0000019f949d66a3 sp=0x00000003cd1fe368 mode 2
Event: 621675.856 Thread 0x0000019fad1de640 Uncommon trap: trap_request=0xffffff45 fr.pc=0x0000019f97218054 relative=0x0000000000000494
Event: 621675.856 Thread 0x0000019fad1de640 Uncommon trap: reason=unstable_if action=reinterpret pc=0x0000019f97218054 method=org.eclipse.core.internal.registry.RegistryObjectManager.getHandles([IB)[Lorg/eclipse/core/internal/registry/Handle; @ 7 c2
Event: 621675.856 Thread 0x0000019fad1de640 DEOPT PACKING pc=0x0000019f97218054 sp=0x00000003cd1fe780
Event: 621675.856 Thread 0x0000019fad1de640 DEOPT UNPACKING pc=0x0000019f949d66a3 sp=0x00000003cd1fe728 mode 2
Event: 621675.857 Thread 0x0000019fad1de640 Uncommon trap: trap_request=0xffffff45 fr.pc=0x0000019f95df9b28 relative=0x0000000000000568
Event: 621675.857 Thread 0x0000019fad1de640 Uncommon trap: reason=unstable_if action=reinterpret pc=0x0000019f95df9b28 method=org.eclipse.core.internal.registry.RegistryObjectManager.getHandles([IB)[Lorg/eclipse/core/internal/registry/Handle; @ 88 c2
Event: 621675.857 Thread 0x0000019fad1de640 DEOPT PACKING pc=0x0000019f95df9b28 sp=0x00000003cd1fe770
Event: 621675.857 Thread 0x0000019fad1de640 DEOPT UNPACKING pc=0x0000019f949d66a3 sp=0x00000003cd1fe6c8 mode 2
Event: 621675.863 Thread 0x0000019fad1de640 Uncommon trap: trap_request=0xffffff45 fr.pc=0x0000019f978d1328 relative=0x0000000000000568
Event: 621675.863 Thread 0x0000019fad1de640 Uncommon trap: reason=unstable_if action=reinterpret pc=0x0000019f978d1328 method=org.eclipse.core.internal.registry.RegistryObjectManager.getHandles([IB)[Lorg/eclipse/core/internal/registry/Handle; @ 138 c2
Event: 621675.863 Thread 0x0000019fad1de640 DEOPT PACKING pc=0x0000019f978d1328 sp=0x00000003cd1fe6c0
Event: 621675.863 Thread 0x0000019fad1de640 DEOPT UNPACKING pc=0x0000019f949d66a3 sp=0x00000003cd1fe618 mode 2

Classes loaded (20 events):
Event: 553873.716 Loading class jdk/internal/module/IllegalAccessLogger
Event: 553873.716 Loading class jdk/internal/module/IllegalAccessLogger done
Event: 553927.868 Loading class jdk/internal/module/IllegalAccessLogger
Event: 553927.868 Loading class jdk/internal/module/IllegalAccessLogger done
Event: 553979.841 Loading class jdk/internal/module/IllegalAccessLogger
Event: 553979.841 Loading class jdk/internal/module/IllegalAccessLogger done
Event: 553985.444 Loading class jdk/internal/module/IllegalAccessLogger
Event: 553985.444 Loading class jdk/internal/module/IllegalAccessLogger done
Event: 621674.509 Loading class java/util/concurrent/Executors$DelegatedScheduledExecutorService
Event: 621674.515 Loading class java/util/concurrent/Executors$DelegatedExecutorService
Event: 621674.523 Loading class java/util/concurrent/Executors$DelegatedExecutorService done
Event: 621674.523 Loading class java/util/concurrent/Executors$DelegatedScheduledExecutorService done
Event: 621674.753 Loading class java/util/stream/Nodes$ToArrayTask$OfRef
Event: 621674.754 Loading class java/util/stream/Nodes$ToArrayTask
Event: 621674.755 Loading class java/util/stream/Nodes$ToArrayTask done
Event: 621674.755 Loading class java/util/stream/Nodes$ToArrayTask$OfRef done
Event: 621674.782 Loading class java/nio/channels/ClosedChannelException
Event: 621674.783 Loading class java/nio/channels/ClosedChannelException done
Event: 621675.793 Loading class javax/security/auth/login/Configuration
Event: 621675.793 Loading class javax/security/auth/login/Configuration done

Classes unloaded (20 events):
Event: 553668.077 Thread 0x0000019f9e711fa0 Unloading class 0x0000000100a79000 'jdk/internal/reflect/GeneratedSerializationConstructorAccessor370'
Event: 553668.077 Thread 0x0000019f9e711fa0 Unloading class 0x0000000100a7b400 'jdk/internal/reflect/GeneratedSerializationConstructorAccessor369'
Event: 553668.077 Thread 0x0000019f9e711fa0 Unloading class 0x0000000100a7b000 'jdk/internal/reflect/GeneratedSerializationConstructorAccessor368'
Event: 553668.077 Thread 0x0000019f9e711fa0 Unloading class 0x0000000100a5f000 'jdk/internal/reflect/GeneratedSerializationConstructorAccessor367'
Event: 553668.077 Thread 0x0000019f9e711fa0 Unloading class 0x0000000100290c00 'jdk/internal/reflect/GeneratedSerializationConstructorAccessor366'
Event: 553668.077 Thread 0x0000019f9e711fa0 Unloading class 0x0000000100291000 'jdk/internal/reflect/GeneratedSerializationConstructorAccessor365'
Event: 553668.077 Thread 0x0000019f9e711fa0 Unloading class 0x000000010030c400 'jdk/internal/reflect/GeneratedMethodAccessor144'
Event: 553668.077 Thread 0x0000019f9e711fa0 Unloading class 0x0000000100a4f800 'jdk/internal/reflect/GeneratedMethodAccessor143'
Event: 553668.077 Thread 0x0000019f9e711fa0 Unloading class 0x0000000100a3ac00 'jdk/internal/reflect/GeneratedSerializationConstructorAccessor364'
Event: 553668.077 Thread 0x0000019f9e711fa0 Unloading class 0x0000000100a3a400 'jdk/internal/reflect/GeneratedSerializationConstructorAccessor363'
Event: 553668.077 Thread 0x0000019f9e711fa0 Unloading class 0x000000010032b800 'jdk/internal/reflect/GeneratedSerializationConstructorAccessor362'
Event: 553668.077 Thread 0x0000019f9e711fa0 Unloading class 0x0000000100a4c000 'jdk/internal/reflect/GeneratedSerializationConstructorAccessor361'
Event: 553668.077 Thread 0x0000019f9e711fa0 Unloading class 0x0000000100a62400 'jdk/internal/reflect/GeneratedSerializationConstructorAccessor360'
Event: 553668.077 Thread 0x0000019f9e711fa0 Unloading class 0x0000000100a6b400 'jdk/internal/reflect/GeneratedSerializationConstructorAccessor359'
Event: 553668.077 Thread 0x0000019f9e711fa0 Unloading class 0x0000000100a61800 'jdk/internal/reflect/GeneratedSerializationConstructorAccessor358'
Event: 553668.077 Thread 0x0000019f9e711fa0 Unloading class 0x000000010032a400 'jdk/internal/reflect/GeneratedSerializationConstructorAccessor357'
Event: 553668.077 Thread 0x0000019f9e711fa0 Unloading class 0x0000000100329000 'jdk/internal/reflect/GeneratedSerializationConstructorAccessor356'
Event: 553668.077 Thread 0x0000019f9e711fa0 Unloading class 0x0000000100a5d000 'jdk/internal/reflect/GeneratedSerializationConstructorAccessor355'
Event: 553668.077 Thread 0x0000019f9e711fa0 Unloading class 0x0000000100a79800 'jdk/internal/reflect/GeneratedSerializationConstructorAccessor354'
Event: 553668.077 Thread 0x0000019f9e711fa0 Unloading class 0x0000000100a7b800 'jdk/internal/reflect/GeneratedSerializationConstructorAccessor353'

Classes redefined (0 events):
No events

Internal exceptions (20 events):
Event: 621674.782 Thread 0x0000019fa9bccc10 Exception <a 'java/io/IOException'{0x00000000eaea11c0}> (0x00000000eaea11c0) 
thrown [s\src\hotspot\share\prims\jni.cpp, line 516]
Event: 621674.786 Thread 0x0000019fa9bccc10 Exception <a 'java/io/IOException'{0x00000000eaec4918}> (0x00000000eaec4918) 
thrown [s\src\hotspot\share\prims\jni.cpp, line 516]
Event: 621674.818 Thread 0x0000019fad1de640 Implicit null exception at 0x0000019f955626cd to 0x0000019f95562724
Event: 621674.876 Thread 0x0000019fad1de640 Exception <a 'sun/nio/fs/WindowsException'{0x00000000eb0c4478}> (0x00000000eb0c4478) 
thrown [s\src\hotspot\share\prims\jni.cpp, line 516]
Event: 621674.876 Thread 0x0000019fad1de640 Exception <a 'sun/nio/fs/WindowsException'{0x00000000eb0c4ab8}> (0x00000000eb0c4ab8) 
thrown [s\src\hotspot\share\prims\jni.cpp, line 516]
Event: 621674.877 Thread 0x0000019fad1de640 Exception <a 'sun/nio/fs/WindowsException'{0x00000000eb0c55f8}> (0x00000000eb0c55f8) 
thrown [s\src\hotspot\share\prims\jni.cpp, line 516]
Event: 621674.877 Thread 0x0000019fad1de640 Exception <a 'sun/nio/fs/WindowsException'{0x00000000eb0c5ce8}> (0x00000000eb0c5ce8) 
thrown [s\src\hotspot\share\prims\jni.cpp, line 516]
Event: 621674.877 Thread 0x0000019fad1de640 Exception <a 'sun/nio/fs/WindowsException'{0x00000000eb0c67e8}> (0x00000000eb0c67e8) 
thrown [s\src\hotspot\share\prims\jni.cpp, line 516]
Event: 621674.877 Thread 0x0000019fad1de640 Exception <a 'sun/nio/fs/WindowsException'{0x00000000eb0c6e28}> (0x00000000eb0c6e28) 
thrown [s\src\hotspot\share\prims\jni.cpp, line 516]
Event: 621674.877 Thread 0x0000019fad1de640 Exception <a 'sun/nio/fs/WindowsException'{0x00000000eb0c7858}> (0x00000000eb0c7858) 
thrown [s\src\hotspot\share\prims\jni.cpp, line 516]
Event: 621674.877 Thread 0x0000019fad1de640 Exception <a 'sun/nio/fs/WindowsException'{0x00000000eb0c7e78}> (0x00000000eb0c7e78) 
thrown [s\src\hotspot\share\prims\jni.cpp, line 516]
Event: 621674.891 Thread 0x0000019fad1dfa80 Exception <a 'java/io/IOException'{0x00000000eae95210}> (0x00000000eae95210) 
thrown [s\src\hotspot\share\prims\jni.cpp, line 516]
Event: 621674.892 Thread 0x0000019fad1dfa80 Exception <a 'java/io/IOException'{0x00000000eb121608}> (0x00000000eb121608) 
thrown [s\src\hotspot\share\prims\jni.cpp, line 516]
Event: 621674.894 Thread 0x0000019fad1dfa80 Exception <a 'java/io/IOException'{0x00000000eb131450}> (0x00000000eb131450) 
thrown [s\src\hotspot\share\prims\jni.cpp, line 516]
Event: 621674.895 Thread 0x0000019fad1dfa80 Exception <a 'java/io/IOException'{0x00000000eb1325d0}> (0x00000000eb1325d0) 
thrown [s\src\hotspot\share\prims\jni.cpp, line 516]
Event: 621674.895 Thread 0x0000019fad1dfa80 Exception <a 'java/io/IOException'{0x00000000eb13fee0}> (0x00000000eb13fee0) 
thrown [s\src\hotspot\share\prims\jni.cpp, line 516]
Event: 621674.895 Thread 0x0000019fad1dfa80 Exception <a 'java/io/IOException'{0x00000000eb142bb8}> (0x00000000eb142bb8) 
thrown [s\src\hotspot\share\prims\jni.cpp, line 516]
Event: 621674.896 Thread 0x0000019fad1dfa80 Exception <a 'java/io/IOException'{0x00000000eb14f400}> (0x00000000eb14f400) 
thrown [s\src\hotspot\share\prims\jni.cpp, line 516]
Event: 621674.909 Thread 0x0000019fa63e1f50 Exception <a 'sun/nio/fs/WindowsException'{0x00000000eb1ee578}> (0x00000000eb1ee578) 
thrown [s\src\hotspot\share\prims\jni.cpp, line 516]
Event: 621675.135 Thread 0x0000019fa63e1f50 Exception <a 'sun/nio/fs/WindowsException'{0x00000000eab08828}> (0x00000000eab08828) 
thrown [s\src\hotspot\share\prims\jni.cpp, line 516]

VM Operations (20 events):
Event: 621674.915 Executing VM operation: ParallelGCFailedAllocation
Event: 621674.919 Executing VM operation: ParallelGCFailedAllocation done
Event: 621674.932 Executing VM operation: ParallelGCFailedAllocation
Event: 621674.943 Executing VM operation: ParallelGCFailedAllocation done
Event: 621674.961 Executing VM operation: ParallelGCFailedAllocation
Event: 621674.966 Executing VM operation: ParallelGCFailedAllocation done
Event: 621675.049 Executing VM operation: ParallelGCFailedAllocation
Event: 621675.053 Executing VM operation: ParallelGCFailedAllocation done
Event: 621675.067 Executing VM operation: ParallelGCFailedAllocation
Event: 621675.076 Executing VM operation: ParallelGCFailedAllocation done
Event: 621675.078 Executing VM operation: ParallelGCFailedAllocation
Event: 621675.082 Executing VM operation: ParallelGCFailedAllocation done
Event: 621675.084 Executing VM operation: ParallelGCFailedAllocation
Event: 621675.088 Executing VM operation: ParallelGCFailedAllocation done
Event: 621675.093 Executing VM operation: ParallelGCFailedAllocation
Event: 621675.101 Executing VM operation: ParallelGCFailedAllocation done
Event: 621675.109 Executing VM operation: ParallelGCFailedAllocation
Event: 621675.112 Executing VM operation: ParallelGCFailedAllocation done
Event: 621675.861 Executing VM operation: HandshakeAllThreads
Event: 621675.861 Executing VM operation: HandshakeAllThreads done

Memory protections (0 events):
No events

Nmethod flushes (20 events):
Event: 553820.870 Thread 0x0000019fa38f44a0 flushing  nmethod 0x0000019f8ed11a90
Event: 553820.870 Thread 0x0000019fa38f44a0 flushing  nmethod 0x0000019f8ed27e10
Event: 553820.871 Thread 0x0000019fa38f44a0 flushing  nmethod 0x0000019f8f098f90
Event: 553820.872 Thread 0x0000019fa38f44a0 flushing  nmethod 0x0000019f8f168790
Event: 553820.872 Thread 0x0000019fa38f44a0 flushing  nmethod 0x0000019f8f22b110
Event: 553820.873 Thread 0x0000019fa38f44a0 flushing  nmethod 0x0000019f8f35f090
Event: 553820.873 Thread 0x0000019fa38f44a0 flushing  nmethod 0x0000019f8f3ca810
Event: 553820.873 Thread 0x0000019fa38f44a0 flushing  nmethod 0x0000019f8f4ea290
Event: 553820.875 Thread 0x0000019fa38f44a0 flushing  nmethod 0x0000019f8f801b90
Event: 553820.875 Thread 0x0000019fa38f44a0 flushing  nmethod 0x0000019f8f8f3b10
Event: 553820.875 Thread 0x0000019fa38f44a0 flushing  nmethod 0x0000019f8f914790
Event: 553820.876 Thread 0x0000019fa38f44a0 flushing  nmethod 0x0000019f8f9fe110
Event: 553820.876 Thread 0x0000019fa38f44a0 flushing  nmethod 0x0000019f8fa18690
Event: 553820.876 Thread 0x0000019fa38f44a0 flushing  nmethod 0x0000019f8fa19b10
Event: 553820.877 Thread 0x0000019fa38f44a0 flushing  nmethod 0x0000019f8fbe6290
Event: 553820.877 Thread 0x0000019fa38f44a0 flushing  nmethod 0x0000019f8fdb4110
Event: 553820.878 Thread 0x0000019fa38f44a0 flushing  nmethod 0x0000019f901a4a90
Event: 553820.879 Thread 0x0000019fa38f44a0 flushing  nmethod 0x0000019f9035ee10
Event: 553820.879 Thread 0x0000019fa38f44a0 flushing  nmethod 0x0000019f90367490
Event: 553820.880 Thread 0x0000019fa38f44a0 flushing  nmethod 0x0000019f90699b10

Events (20 events):
Event: 621674.562 Thread 0x0000019faef96200 Thread exited: 0x0000019faef96200
Event: 621674.660 Thread 0x0000019fa9bccc10 Thread added: 0x0000019faa4049e0
Event: 621674.683 Thread 0x0000019fad1dfa80 Thread added: 0x0000019faa401c50
Event: 621674.685 Thread 0x0000019faa401c50 Thread exited: 0x0000019faa401c50
Event: 621674.740 Thread 0x0000019fad1dfa80 Thread added: 0x0000019faa400810
Event: 621674.743 Thread 0x0000019faa400810 Thread added: 0x0000019faa401c50
Event: 621674.743 Thread 0x0000019faa401c50 Thread added: 0x0000019fad1df060
Event: 621674.750 Thread 0x0000019faa400810 Thread added: 0x0000019fad1da980
Event: 621674.755 Thread 0x0000019fad1da980 Thread exited: 0x0000019fad1da980
Event: 621674.755 Thread 0x0000019faa401c50 Thread exited: 0x0000019faa401c50
Event: 621674.755 Thread 0x0000019faa400810 Thread exited: 0x0000019faa400810
Event: 621674.755 Thread 0x0000019fad1df060 Thread exited: 0x0000019fad1df060
Event: 621674.792 Thread 0x0000019f8a8a4660 Thread added: 0x0000019fad1de640
Event: 621674.811 Thread 0x0000019fa38e97a0 Thread added: 0x0000019faf6d5780
Event: 621674.823 Thread 0x0000019fad1de640 Thread added: 0x0000019fad1da980
Event: 621675.638 Thread 0x0000019fa63e1f50 Thread exited: 0x0000019fa63e1f50
Event: 621675.794 Thread 0x0000019faf6d5780 Thread exited: 0x0000019faf6d5780
Event: 621675.865 Thread 0x0000019fa38de390 Thread added: 0x0000019faf6d5780
Event: 621675.865 Thread 0x0000019fa38de390 Thread added: 0x0000019faf6d6cc0
Event: 621675.865 Thread 0x0000019fa38de390 Thread added: 0x0000019faf6d8200


Dynamic libraries:
0x00007ff7c7c10000 - 0x00007ff7c7c1e000 	c:\Users\bryanesteban\.vscode\extensions\redhat.java-1.38.0-win32-x64\jre\17.0.13-win32-x86_64\bin\java.exe
0x00007ffc14d90000 - 0x00007ffc14fa7000 	C:\WINDOWS\SYSTEM32\ntdll.dll
0x00007ffc144b0000 - 0x00007ffc14574000 	C:\WINDOWS\System32\KERNEL32.DLL
0x00007ffc123f0000 - 0x00007ffc127aa000 	C:\WINDOWS\System32\KERNELBASE.dll
0x00007ffc12250000 - 0x00007ffc12361000 	C:\WINDOWS\System32\ucrtbase.dll
0x00007ffbd94d0000 - 0x00007ffbd94e7000 	c:\Users\bryanesteban\.vscode\extensions\redhat.java-1.38.0-win32-x64\jre\17.0.13-win32-x86_64\bin\jli.dll
0x00007ffbde040000 - 0x00007ffbde05e000 	c:\Users\bryanesteban\.vscode\extensions\redhat.java-1.38.0-win32-x64\jre\17.0.13-win32-x86_64\bin\VCRUNTIME140.dll
0x00007ffc14220000 - 0x00007ffc143ce000 	C:\WINDOWS\System32\USER32.dll
0x00007ffc05490000 - 0x00007ffc05722000 	C:\WINDOWS\WinSxS\amd64_microsoft.windows.common-controls_6595b64144ccf1df_6.0.22621.4541_none_2710d1c57384c085\COMCTL32.dll
0x00007ffc12220000 - 0x00007ffc12246000 	C:\WINDOWS\System32\win32u.dll
0x00007ffc14170000 - 0x00007ffc14217000 	C:\WINDOWS\System32\msvcrt.dll
0x00007ffc13390000 - 0x00007ffc133b9000 	C:\WINDOWS\System32\GDI32.dll
0x00007ffc12030000 - 0x00007ffc1214b000 	C:\WINDOWS\System32\gdi32full.dll
0x00007ffc12150000 - 0x00007ffc121ea000 	C:\WINDOWS\System32\msvcp_win.dll
0x00007ffc132c0000 - 0x00007ffc132f1000 	C:\WINDOWS\System32\IMM32.DLL
0x00007ffbe3340000 - 0x00007ffbe334c000 	c:\Users\bryanesteban\.vscode\extensions\redhat.java-1.38.0-win32-x64\jre\17.0.13-win32-x86_64\bin\vcruntime140_1.dll
0x00007ffbae440000 - 0x00007ffbae4cd000 	c:\Users\bryanesteban\.vscode\extensions\redhat.java-1.38.0-win32-x64\jre\17.0.13-win32-x86_64\bin\msvcp140.dll
0x00007ffb3b120000 - 0x00007ffb3bd8b000 	c:\Users\bryanesteban\.vscode\extensions\redhat.java-1.38.0-win32-x64\jre\17.0.13-win32-x86_64\bin\server\jvm.dll
0x00007ffc14ab0000 - 0x00007ffc14b62000 	C:\WINDOWS\System32\ADVAPI32.dll
0x00007ffc133c0000 - 0x00007ffc13467000 	C:\WINDOWS\System32\sechost.dll
0x00007ffc121f0000 - 0x00007ffc12218000 	C:\WINDOWS\System32\bcrypt.dll
0x00007ffc146f0000 - 0x00007ffc14804000 	C:\WINDOWS\System32\RPCRT4.dll
0x00007ffc14920000 - 0x00007ffc14991000 	C:\WINDOWS\System32\WS2_32.dll
0x00007ffc10e80000 - 0x00007ffc10ecd000 	C:\WINDOWS\SYSTEM32\POWRPROF.dll
0x00007ffc0a4a0000 - 0x00007ffc0a4d4000 	C:\WINDOWS\SYSTEM32\WINMM.dll
0x00007ffc08170000 - 0x00007ffc0817a000 	C:\WINDOWS\SYSTEM32\VERSION.dll
0x00007ffc10e60000 - 0x00007ffc10e73000 	C:\WINDOWS\SYSTEM32\UMPDC.dll
0x00007ffc11120000 - 0x00007ffc11138000 	C:\WINDOWS\SYSTEM32\kernel.appcore.dll
0x00007ffbe0820000 - 0x00007ffbe082a000 	c:\Users\bryanesteban\.vscode\extensions\redhat.java-1.38.0-win32-x64\jre\17.0.13-win32-x86_64\bin\jimage.dll
0x00007ffc079d0000 - 0x00007ffc07c02000 	C:\WINDOWS\SYSTEM32\DBGHELP.DLL
0x00007ffc12a60000 - 0x00007ffc12def000 	C:\WINDOWS\System32\combase.dll
0x00007ffc143d0000 - 0x00007ffc144a7000 	C:\WINDOWS\System32\OLEAUT32.dll
0x00007ffbef610000 - 0x00007ffbef642000 	C:\WINDOWS\SYSTEM32\dbgcore.DLL
0x00007ffc12920000 - 0x00007ffc1299b000 	C:\WINDOWS\System32\bcryptPrimitives.dll
0x00007ffbe2cb0000 - 0x00007ffbe2cbe000 	c:\Users\bryanesteban\.vscode\extensions\redhat.java-1.38.0-win32-x64\jre\17.0.13-win32-x86_64\bin\instrument.dll
0x00007ffbb1880000 - 0x00007ffbb18a5000 	c:\Users\bryanesteban\.vscode\extensions\redhat.java-1.38.0-win32-x64\jre\17.0.13-win32-x86_64\bin\java.dll
0x00007ffc09b80000 - 0x00007ffc09b98000 	c:\Users\bryanesteban\.vscode\extensions\redhat.java-1.38.0-win32-x64\jre\17.0.13-win32-x86_64\bin\zip.dll
0x00007ffc13470000 - 0x00007ffc13ce8000 	C:\WINDOWS\System32\SHELL32.dll
0x00007ffc0ff30000 - 0x00007ffc10838000 	C:\WINDOWS\SYSTEM32\windows.storage.dll
0x00007ffc0fdf0000 - 0x00007ffc0ff2f000 	C:\WINDOWS\SYSTEM32\wintypes.dll
0x00007ffc14810000 - 0x00007ffc1490a000 	C:\WINDOWS\System32\SHCORE.dll
0x00007ffc130a0000 - 0x00007ffc130fe000 	C:\WINDOWS\System32\shlwapi.dll
0x00007ffc11f60000 - 0x00007ffc11f8b000 	C:\WINDOWS\SYSTEM32\profapi.dll
0x00007ffbe0720000 - 0x00007ffbe0739000 	C:\Users\bryanesteban\.vscode\extensions\redhat.java-1.38.0-win32-x64\jre\17.0.13-win32-x86_64\bin\net.dll
0x00007ffc0d470000 - 0x00007ffc0d5a6000 	C:\WINDOWS\SYSTEM32\WINHTTP.dll
0x00007ffc11590000 - 0x00007ffc115f9000 	C:\WINDOWS\system32\mswsock.dll
0x00007ffbee2e0000 - 0x00007ffbee2f6000 	C:\Users\bryanesteban\.vscode\extensions\redhat.java-1.38.0-win32-x64\jre\17.0.13-win32-x86_64\bin\nio.dll
0x00007ffc09b70000 - 0x00007ffc09b80000 	c:\Users\bryanesteban\.vscode\extensions\redhat.java-1.38.0-win32-x64\jre\17.0.13-win32-x86_64\bin\verify.dll
0x00007ffbb80b0000 - 0x00007ffbb80f5000 	C:\Users\bryanesteban\AppData\Roaming\Code\User\globalStorage\redhat.java\1.38.0\config_win\org.eclipse.equinox.launcher\org.eclipse.equinox.launcher.win32.win32.x86_64_1.2.1100.v20240722-2106\eclipse_11904.dll
0x00007ffc14b70000 - 0x00007ffc14d15000 	C:\WINDOWS\System32\ole32.dll
0x00007ffc118e0000 - 0x00007ffc118fb000 	C:\WINDOWS\SYSTEM32\CRYPTSP.dll
0x00007ffc11080000 - 0x00007ffc110b5000 	C:\WINDOWS\system32\rsaenh.dll
0x00007ffc11630000 - 0x00007ffc11658000 	C:\WINDOWS\SYSTEM32\USERENV.dll
0x00007ffc118c0000 - 0x00007ffc118cc000 	C:\WINDOWS\SYSTEM32\CRYPTBASE.dll
0x00007ffc10b10000 - 0x00007ffc10b3d000 	C:\WINDOWS\SYSTEM32\IPHLPAPI.DLL
0x00007ffc13380000 - 0x00007ffc13389000 	C:\WINDOWS\System32\NSI.dll
0x00007ffc0d6f0000 - 0x00007ffc0d709000 	C:\WINDOWS\SYSTEM32\dhcpcsvc6.DLL
0x00007ffc0d2b0000 - 0x00007ffc0d2cf000 	C:\WINDOWS\SYSTEM32\dhcpcsvc.DLL
0x00007ffc10b40000 - 0x00007ffc10c42000 	C:\WINDOWS\SYSTEM32\DNSAPI.dll
0x00007ffbb0b00000 - 0x00007ffbb0b49000 	C:\Users\bryanesteban\AppData\Local\Temp\jna-820212538\jna14658554271793817736.dll
0x00007ffc14910000 - 0x00007ffc14918000 	C:\WINDOWS\System32\PSAPI.DLL
0x00007ffbf4c60000 - 0x00007ffbf4c6e000 	C:\Users\bryanesteban\.vscode\extensions\redhat.java-1.38.0-win32-x64\jre\17.0.13-win32-x86_64\bin\sunmscapi.dll
0x00007ffc127b0000 - 0x00007ffc12916000 	C:\WINDOWS\System32\CRYPT32.dll
0x00007ffc119d0000 - 0x00007ffc119fd000 	C:\WINDOWS\SYSTEM32\ncrypt.dll
0x00007ffc11990000 - 0x00007ffc119c7000 	C:\WINDOWS\SYSTEM32\NTASN1.dll
0x00007ffc0d6e0000 - 0x00007ffc0d6ea000 	C:\Windows\System32\rasadhlp.dll
0x00007ffc0a4e0000 - 0x00007ffc0a563000 	C:\WINDOWS\System32\fwpuclnt.dll
0x00007ffbe2ca0000 - 0x00007ffbe2ca9000 	C:\Users\bryanesteban\.vscode\extensions\redhat.java-1.38.0-win32-x64\jre\17.0.13-win32-x86_64\bin\extnet.dll
0x00007ffc11230000 - 0x00007ffc11264000 	C:\WINDOWS\SYSTEM32\ntmarta.dll

dbghelp: loaded successfully - version: 4.0.5 - missing functions: none
symbol engine: initialized successfully - sym options: 0x614 - pdb path: .;c:\Users\bryanesteban\.vscode\extensions\redhat.java-1.38.0-win32-x64\jre\17.0.13-win32-x86_64\bin;C:\WINDOWS\SYSTEM32;C:\WINDOWS\WinSxS\amd64_microsoft.windows.common-controls_6595b64144ccf1df_6.0.22621.4541_none_2710d1c57384c085;c:\Users\bryanesteban\.vscode\extensions\redhat.java-1.38.0-win32-x64\jre\17.0.13-win32-x86_64\bin\server;C:\Users\bryanesteban\AppData\Roaming\Code\User\globalStorage\redhat.java\1.38.0\config_win\org.eclipse.equinox.launcher\org.eclipse.equinox.launcher.win32.win32.x86_64_1.2.1100.v20240722-2106;C:\Users\bryanesteban\AppData\Local\Temp\jna-820212538

VM Arguments:
jvm_args: --add-modules=ALL-SYSTEM --add-opens=java.base/java.util=ALL-UNNAMED --add-opens=java.base/java.lang=ALL-UNNAMED --add-opens=java.base/sun.nio.fs=ALL-UNNAMED -Declipse.application=org.eclipse.jdt.ls.core.id1 -Dosgi.bundles.defaultStartLevel=4 -Declipse.product=org.eclipse.jdt.ls.core.product -Djava.import.generatesMetadataFilesAtProjectRoot=false -DDetectVMInstallationsJob.disabled=true -Dfile.encoding=utf8 -XX:+UseParallelGC -XX:GCTimeRatio=4 -XX:AdaptiveSizePolicyWeight=90 -Dsun.zip.disableMemoryMapping=true -Xmx1G -Xms100m -Xlog:disable -javaagent:c:\Users\bryanesteban\.vscode\extensions\redhat.java-1.38.0-win32-x64\lombok\lombok-1.18.34.jar -XX:+HeapDumpOnOutOfMemoryError -XX:HeapDumpPath=c:\Users\bryanesteban\AppData\Roaming\Code\User\workspaceStorage\33667f003fb07b1d5c002f0531335b67\redhat.java -Daether.dependencyCollector.impl=bf 
java_command: c:\Users\bryanesteban\.vscode\extensions\redhat.java-1.38.0-win32-x64\server\plugins\org.eclipse.equinox.launcher_1.6.900.v20240613-2009.jar -configuration c:\Users\bryanesteban\AppData\Roaming\Code\User\globalStorage\redhat.java\1.38.0\config_win -data c:\Users\bryanesteban\AppData\Roaming\Code\User\workspaceStorage\33667f003fb07b1d5c002f0531335b67\redhat.java\jdt_ws --pipe=\\.\pipe\lsp-9b044652c47e08b503b71188d63021cc-sock
java_class_path (initial): c:\Users\bryanesteban\.vscode\extensions\redhat.java-1.38.0-win32-x64\server\plugins\org.eclipse.equinox.launcher_1.6.900.v20240613-2009.jar
Launcher Type: SUN_STANDARD

[Global flags]
    uintx AdaptiveSizePolicyWeight                 = 90                                        {product} {command line}
     intx CICompilerCount                          = 12                                        {product} {ergonomic}
    uintx GCTimeRatio                              = 4                                         {product} {command line}
     bool HeapDumpOnOutOfMemoryError               = true                                   {manageable} {command line}
    ccstr HeapDumpPath                             = c:\Users\bryanesteban\AppData\Roaming\Code\User\workspaceStorage\33667f003fb07b1d5c002f0531335b67\redhat.java         {manageable} {command line}
   size_t InitialHeapSize                          = 104857600                                 {product} {command line}
   size_t MaxHeapSize                              = 1073741824                                {product} {command line}
   size_t MaxNewSize                               = 357564416                                 {product} {ergonomic}
   size_t MinHeapDeltaBytes                        = 524288                                    {product} {ergonomic}
   size_t MinHeapSize                              = 104857600                                 {product} {command line}
   size_t NewSize                                  = 34603008                                  {product} {ergonomic}
    uintx NonNMethodCodeHeapSize                   = 7602480                                {pd product} {ergonomic}
    uintx NonProfiledCodeHeapSize                  = 122027880                              {pd product} {ergonomic}
   size_t OldSize                                  = 70254592                                  {product} {ergonomic}
    uintx ProfiledCodeHeapSize                     = 122027880                              {pd product} {ergonomic}
    uintx ReservedCodeCacheSize                    = 251658240                              {pd product} {ergonomic}
     bool SegmentedCodeCache                       = true                                      {product} {ergonomic}
   size_t SoftMaxHeapSize                          = 1073741824                             {manageable} {ergonomic}
     bool UseCompressedClassPointers               = true                           {product lp64_product} {ergonomic}
     bool UseCompressedOops                        = true                           {product lp64_product} {ergonomic}
     bool UseLargePagesIndividualAllocation        = false                                  {pd product} {ergonomic}
     bool UseParallelGC                            = true                                      {product} {command line}

Logging:
Log output configuration:
 #0: stdout all=off uptime,level,tags
 #1: stderr all=off uptime,level,tags

Environment Variables:
JAVA_HOME=C:\Program Files\Java\jdk-17
PATH=C:\Program Files\Common Files\Oracle\Java\javapath;C:\Program Files\Microsoft SDKs\Azure\CLI2\wbin;C:\Python311\Scripts\;C:\Python311\;C:\Program Files (x86)\Common Files\Oracle\Java\javapath;C:\WINDOWS\system32;C:\Python39\Scripts\;C:\Python39\;C:\Program Files\AdoptOpenJDK\jdk-11.0.11.9-hotspot\bin;C:\app\bryanesteban\product\12.1.0\dbhome_3\bin;C:\app\bryanetseban\product\12.1.0\dbhome_1\bin;C:\Program Files (x86)\Rockwell Software\RSCommon;C:\Program Files\Hardwipe\;C:\Program Files\Microsoft MPI\Bin\;C:\Windows\system32;C:\Windows;C:\Windows\System32\Wbem;C:\Windows\System32\WindowsPowerShell\v1.0\;C:\Program Files (x86)\NVIDIA Corporation\PhysX\Common;C:\Program Files (x86)\Brackets\command;C:\WINDOWS;C:\WINDOWS\System32\Wbem;C:\WINDOWS\System32\WindowsPowerShell\v1.0\;C:\WINDOWS\System32\OpenSSH\;C:\Program Files (x86)\Windows Live\Shared;C:\Program Files\dotnet\;C:\Program Files\Microsoft SQL Server\Client SDK\ODBC\130\Tools\Binn\;C:\Program Files\Java\jdk1.8.0_261\bin;C:\Users\bryanesteban\AppData\Local\Android\Sdk\build-tools\28.0.3;C:\Program Files (x86)\Common Files\Acronis\SnapAPI\;C:\Program Files\Microsoft SQL Server\Client SDK\ODBC\170\Tools\Binn\;C:\Program Files (x86)\dotnet\;C:\Users\bryanesteban\.rustup\toolchains\stable-x86_64-pc-windows-msvc\lib\rustlib\x86_64-pc-windows-msvc\lib;C:\Program Files\PostgreSQL\13\lib;C:\Program Files\PuTTY\;C:\ProgramData\chocolatey\bin;C:\Program Files (x86)\Microsoft SQL Server\150\Tools\Binn\;C:\Program Files\Microsoft SQL Server\150\Tools\Binn\;C:\Program Files\Microsoft SQL Server\150\DTS\Binn\;C:\Program Files (x86)\Microsoft SQL Server\150\DTS\Binn\;C:\Program Files\Azure Data Studio\bin;C:\Program Files\Git\cmd;C:\Program Files\nodejs\;C:\Program Files\Docker\Docker\resources\bin;%JAVA_HOME%\bin;%M2_HOME%\bin;;C:\WINDOWS\system32;C:\WINDOWS;C:\WINDOWS\System32\Wbem;C:\WINDOWS\System32\WindowsPowerShell\v1.0\;C:\WINDOWS\System32\OpenSSH\;C:\Program Files\NVIDIA Corporation\NVIDIA app\NvDLISR;C:\Users\brya
USERNAME=bryanesteban
OS=Windows_NT
PROCESSOR_IDENTIFIER=Intel64 Family 6 Model 151 Stepping 2, GenuineIntel
TMP=C:\Users\BRYANE~1\AppData\Local\Temp
TEMP=C:\Users\BRYANE~1\AppData\Local\Temp



Periodic native trim disabled


---------------  S Y S T E M  ---------------

OS:
 Windows 11 , 64 bit Build 22621 (10.0.22621.4391)
OS uptime: 8 days 4:43 hours
Hyper-V role detected

CPU: total 20 (initial active 20) (10 cores per cpu, 2 threads per core) family 6 model 151 stepping 2 microcode 0x12, cx8, cmov, fxsr, ht, mmx, 3dnowpref, sse, sse2, sse3, ssse3, sse4.1, sse4.2, popcnt, lzcnt, tsc, tscinvbit, avx, avx2, aes, erms, clmul, bmi1, bmi2, adx, sha, fma, vzeroupper, clflush, clflushopt, clwb, hv
Processor Information for processor 0
  Max Mhz: 3610, Current Mhz: 3610, Mhz Limit: 3610
Processor Information for processor 1
  Max Mhz: 3610, Current Mhz: 3610, Mhz Limit: 3610
Processor Information for processor 2
  Max Mhz: 3610, Current Mhz: 3610, Mhz Limit: 3610
Processor Information for processor 3
  Max Mhz: 3610, Current Mhz: 3610, Mhz Limit: 3610
Processor Information for processor 4
  Max Mhz: 3610, Current Mhz: 3610, Mhz Limit: 3610
Processor Information for processor 5
  Max Mhz: 3610, Current Mhz: 3610, Mhz Limit: 3610
Processor Information for processor 6
  Max Mhz: 3610, Current Mhz: 3610, Mhz Limit: 3610
Processor Information for processor 7
  Max Mhz: 3610, Current Mhz: 3610, Mhz Limit: 3610
Processor Information for processor 8
  Max Mhz: 3610, Current Mhz: 3610, Mhz Limit: 3610
Processor Information for processor 9
  Max Mhz: 3610, Current Mhz: 3610, Mhz Limit: 3610
Processor Information for processor 10
  Max Mhz: 3610, Current Mhz: 3610, Mhz Limit: 3610
Processor Information for processor 11
  Max Mhz: 3610, Current Mhz: 3610, Mhz Limit: 3610
Processor Information for processor 12
  Max Mhz: 3610, Current Mhz: 3610, Mhz Limit: 3610
Processor Information for processor 13
  Max Mhz: 3610, Current Mhz: 3610, Mhz Limit: 3610
Processor Information for processor 14
  Max Mhz: 3610, Current Mhz: 3610, Mhz Limit: 3610
Processor Information for processor 15
  Max Mhz: 3610, Current Mhz: 3610, Mhz Limit: 3610
Processor Information for processor 16
  Max Mhz: 3610, Current Mhz: 2707, Mhz Limit: 2707
Processor Information for processor 17
  Max Mhz: 3610, Current Mhz: 2707, Mhz Limit: 2707
Processor Information for processor 18
  Max Mhz: 3610, Current Mhz: 2707, Mhz Limit: 2707
Processor Information for processor 19
  Max Mhz: 3610, Current Mhz: 2707, Mhz Limit: 2707

Memory: 4k page, system-wide physical 65277M (40102M free)
TotalPageFile size 70909M (AvailPageFile size 26270M)
current process WorkingSet (physical memory assigned to process): 237M, peak: 634M
current process commit charge ("private bytes"): 617M, peak: 708M

vm_info: OpenJDK 64-Bit Server VM (17.0.13+11) for windows-amd64 JRE (17.0.13+11), built on Oct 16 2024 00:10:08 by "admin" with MS VC++ 17.7 (VS2022)

END.
