#
# A fatal error has been detected by the Java Runtime Environment:
#
#  EXCEPTION_ACCESS_VIOLATION (0xc0000005) at pc=0x00007ffb3b2440e0, pid=65240, tid=37436
#
# JRE version: OpenJDK Runtime Environment Temurin-17.0.13+11 (17.0.13+11) (build 17.0.13+11)
# Java VM: OpenJDK 64-Bit Server VM Temurin-17.0.13+11 (17.0.13+11, mixed mode, tiered, compressed oops, compressed class ptrs, parallel gc, windows-amd64)
# Problematic frame:
# V  [jvm.dll+0x1240e0]
#
# No core dump will be written. Minidumps are not enabled by default on client versions of Windows
#
# If you would like to submit a bug report, please visit:
#   https://github.com/adoptium/adoptium-support/issues
#

---------------  S U M M A R Y ------------

Command Line: --add-modules=ALL-SYSTEM --add-opens=java.base/java.util=ALL-UNNAMED --add-opens=java.base/java.lang=ALL-UNNAMED --add-opens=java.base/sun.nio.fs=ALL-UNNAMED -Declipse.application=org.eclipse.jdt.ls.core.id1 -Dosgi.bundles.defaultStartLevel=4 -Declipse.product=org.eclipse.jdt.ls.core.product -Djava.import.generatesMetadataFilesAtProjectRoot=false -DDetectVMInstallationsJob.disabled=true -Dfile.encoding=utf8 -XX:+UseParallelGC -XX:GCTimeRatio=4 -XX:AdaptiveSizePolicyWeight=90 -Dsun.zip.disableMemoryMapping=true -Xmx1G -Xms100m -Xlog:disable -javaagent:c:\Users\bryanesteban\.vscode\extensions\redhat.java-1.38.0-win32-x64\lombok\lombok-1.18.34.jar -XX:+HeapDumpOnOutOfMemoryError -XX:HeapDumpPath=c:\Users\bryanesteban\AppData\Roaming\Code\User\workspaceStorage\33667f003fb07b1d5c002f0531335b67\redhat.java -Daether.dependencyCollector.impl=bf c:\Users\bryanesteban\.vscode\extensions\redhat.java-1.38.0-win32-x64\server\plugins\org.eclipse.equinox.launcher_1.6.900.v20240613-2009.jar -configuration c:\Users\bryanesteban\AppData\Roaming\Code\User\globalStorage\redhat.java\1.38.0\config_win -data c:\Users\bryanesteban\AppData\Roaming\Code\User\workspaceStorage\33667f003fb07b1d5c002f0531335b67\redhat.java\jdt_ws --pipe=\\.\pipe\lsp-a274e8d9672bf6a811941bc88a88c6c4-sock

Host: 12th Gen Intel(R) Core(TM) i7-12700K, 20 cores, 63G,  Windows 11 , 64 bit Build 22621 (10.0.22621.4391)
Time: Tue Jan 14 13:18:52 2025 Hora est. Pac璗ico, Sudam廨ica elapsed time: 13.756065 seconds (0d 0h 0m 13s)

---------------  T H R E A D  ---------------

Current thread (0x000001933d6ae1e0):  JavaThread "C2 CompilerThread0" daemon [_thread_in_native, id=37436, stack(0x00000049b5900000,0x00000049b5a00000)]


Current CompileTask:
C2:  13756 2857       4       com.sun.org.apache.xerces.internal.util.SymbolTable::addSymbol (110 bytes)

Stack: [0x00000049b5900000,0x00000049b5a00000],  sp=0x00000049b59fb5f0,  free space=1005k
Native frames: (J=compiled Java code, j=interpreted, Vv=VM code, C=native code)
V  [jvm.dll+0x1240e0]
V  [jvm.dll+0x124503]
V  [jvm.dll+0x123f4d]
V  [jvm.dll+0x687fc2]
V  [jvm.dll+0x218426]
V  [jvm.dll+0x21748f]
V  [jvm.dll+0x1a3070]
V  [jvm.dll+0x22788c]
V  [jvm.dll+0x2259eb]
V  [jvm.dll+0x7eec98]
V  [jvm.dll+0x7e8ffc]
V  [jvm.dll+0x6818f7]
C  [ucrtbase.dll+0x29333]
C  [KERNEL32.DLL+0x1259d]
C  [ntdll.dll+0x5af38]


siginfo: EXCEPTION_ACCESS_VIOLATION (0xc0000005), reading address 0x0000000000000000


Registers:
RAX=0x00000193402c25b8, RBX=0x0000000000001360, RCX=0x0000000000000000, RDX=0x000001933fe988b0
RSP=0x00000049b59fb5f0, RBP=0x00000193400529b0, RSI=0x0000000000000264, RDI=0x0000000000000000
R8 =0x0000000000000004, R9 =0x00007ffb3b120000, R10=0x000000000000ffff, R11=0x0000000000000020
R12=0x0000019340389650, R13=0x0000000000000008, R14=0x000000000000026c, R15=0x0000019340389650
RIP=0x00007ffb3b2440e0, EFLAGS=0x0000000000010212


Register to memory mapping:

RIP=0x00007ffb3b2440e0 jvm.dll
RAX=0x00000193402c25b8 points into unknown readable memory: 0x000001934038b418 | 18 b4 38 40 93 01 00 00
RBX=0x0000000000001360 is an unknown value
RCX=0x0 is NULL
RDX=0x000001933fe988b0 points into unknown readable memory: 0x00000000c0c30000 | 00 00 c3 c0 00 00 00 00
RSP=0x00000049b59fb5f0 is pointing into the stack for thread: 0x000001933d6ae1e0
RBP=0x00000193400529b0 points into unknown readable memory: 0x0000000300000000 | 00 00 00 00 03 00 00 00
RSI=0x0000000000000264 is an unknown value
RDI=0x0 is NULL
R8 =0x0000000000000004 is an unknown value
R9 =0x00007ffb3b120000 jvm.dll
R10=0x000000000000ffff is an unknown value
R11=0x0000000000000020 is an unknown value
R12=0x0000019340389650 points into unknown readable memory: 0x00007ffb3ba0ae18 | 18 ae a0 3b fb 7f 00 00
R13=0x0000000000000008 is an unknown value
R14=0x000000000000026c is an unknown value
R15=0x0000019340389650 points into unknown readable memory: 0x00007ffb3ba0ae18 | 18 ae a0 3b fb 7f 00 00


Top of Stack: (sp=0x00000049b59fb5f0)
0x00000049b59fb5f0:   000000000000026e 0000000000000005
0x00000049b59fb600:   0000000000000004 00000000000001d8
0x00000049b59fb610:   0000000000001000 0000000000001360
0x00000049b59fb620:   00000000000004d8 000000000000026c
0x00000049b59fb630:   000001933fed8400 0000000000000014
0x00000049b59fb640:   00000193401d9320 000000000000026e
0x00000049b59fb650:   00000049b59fbc50 0000000000000010
0x00000049b59fb660:   00000000ffffffff 00000193402c3930
0x00000049b59fb670:   0000000000000005 000001933fe94090
0x00000049b59fb680:   0000019340389650 00007ffb3b244503
0x00000049b59fb690:   00000193402c3930 0000019300000020
0x00000049b59fb6a0:   000000000000026e 00000049b59fbc50
0x00000049b59fb6b0:   000001933fe988b0 000001933fe37a20
0x00000049b59fb6c0:   00000049b59fe590 0000000000000000
0x00000049b59fb6d0:   000001933fe99990 00000049b59fcb00
0x00000049b59fb6e0:   0000019340173130 00000193402c3930
0x00000049b59fb6f0:   00000049b59fb7b9 00007ffb3b243f4d
0x00000049b59fb700:   0000000000000002 0000000000000001
0x00000049b59fb710:   000001930000026e 000001933fe94090
0x00000049b59fb720:   000001933d6822f0 000001933fe94090
0x00000049b59fb730:   0000019300000040 000001933d6822f0
0x00000049b59fb740:   000001933fe97c40 000001930000002b
0x00000049b59fb750:   000001933d6822f0 00000000000004dc
0x00000049b59fb760:   0000000000001370 00000000000002a8
0x00000049b59fb770:   0000000000000000 0000000000000000
0x00000049b59fb780:   000001933d6ae1e0 00007ffb3b31cd00
0x00000049b59fb790:   000001933d6ae1e0 00007ffb3ba41ce8
0x00000049b59fb7a0:   0000000000000000 0000000000000000
0x00000049b59fb7b0:   0000000000000000 00007ffb3ba41ce8
0x00000049b59fb7c0:   000001934019a400 00007ffb3b7a928f
0x00000049b59fb7d0:   000001933d6822f0 0000000000000000
0x00000049b59fb7e0:   00007ffb3ba64cbc 0000000000000000 

Instructions: (pc=0x00007ffb3b2440e0)
0x00007ffb3b243fe0:   55 56 57 41 54 41 55 41 56 41 57 48 83 ec 58 49
0x00007ffb3b243ff0:   8b 41 58 4c 8b e2 41 8b 79 50 33 d2 41 8b d8 89
0x00007ffb3b244000:   bc 24 a8 00 00 00 44 8b a8 68 0c 00 00 44 2b 2d
0x00007ffb3b244010:   44 c7 a2 00 8d 4a 10 e8 d4 4f 5b 00 33 f6 48 85
0x00007ffb3b244020:   c0 74 12 45 8b c5 8b d7 48 8b c8 e8 90 bc 54 00
0x00007ffb3b244030:   48 8b e8 eb 03 48 8b ee 41 8b 44 24 2c 4d 8b fc
0x00007ffb3b244040:   83 e0 1f 49 8b cc 3c 1e 49 8b 04 24 4c 0f 45 fe
0x00007ffb3b244050:   ff 90 88 00 00 00 48 89 44 24 40 44 8b f6 85 db
0x00007ffb3b244060:   0f 8e db 03 00 00 48 8b 94 24 c0 00 00 00 4c 8d
0x00007ffb3b244070:   0d 8b bf ed ff b9 01 00 00 00 48 89 74 24 30 48
0x00007ffb3b244080:   8b de 89 4c 24 20 48 8b c6 48 89 5c 24 28 48 89
0x00007ffb3b244090:   44 24 38 48 c1 e8 05 85 0c 82 0f 84 6b 03 00 00
0x00007ffb3b2440a0:   48 8b 0d b1 c6 a2 00 44 3b f1 7d 0a 4a 8b b4 0b
0x00007ffb3b2440b0:   60 be b1 00 eb 17 41 8b c6 2b c1 41 3b c5 7d 04
0x00007ffb3b2440c0:   03 c7 eb 03 41 2b c5 48 63 f0 48 03 f1 48 8b 84
0x00007ffb3b2440d0:   24 a0 00 00 00 48 8b 40 08 48 8b 3c 03 48 8b cf
0x00007ffb3b2440e0:   48 8b 07 ff 50 28 4c 8d 0d 13 bf ed ff 48 8b d0
0x00007ffb3b2440f0:   4c 63 40 10 49 8b c8 48 c1 e1 05 42 80 bc 09 b0
0x00007ffb3b244100:   7f b3 00 00 0f 84 3e 02 00 00 41 f6 c6 01 0f 85
0x00007ffb3b244110:   e8 02 00 00 48 8b ce 81 e1 ff 3f 00 00 48 3b f1
0x00007ffb3b244120:   74 3b 48 8b 84 24 b8 00 00 00 48 8d 15 47 db 7f
0x00007ffb3b244130:   00 45 33 c0 48 8b 58 10 48 8b 8b 70 01 00 00 e8
0x00007ffb3b244140:   fc f4 09 00 48 8d 15 2d db 7f 00 48 8b cb e8 6d
0x00007ffb3b244150:   e5 0f 00 48 8b 5c 24 28 e9 98 02 00 00 83 78 24
0x00007ffb3b244160:   00 75 53 4d 85 ff 74 3e 49 8b 47 78 48 8b 48 18
0x00007ffb3b244170:   8b 51 18 b9 05 00 00 00 3b d1 76 2a 4d 8b 47 08
0x00007ffb3b244180:   8b c1 49 39 3c c0 74 16 ff c1 3b ca 72 f2 48 8b
0x00007ffb3b244190:   d6 48 8b cd e8 37 ca 54 00 e9 57 02 00 00 3b ca
0x00007ffb3b2441a0:   0f 82 56 02 00 00 48 8b d6 48 8b cd e8 1f ca 54
0x00007ffb3b2441b0:   00 e9 3f 02 00 00 48 8b 4c 24 40 e8 40 5c 08 00
0x00007ffb3b2441c0:   41 8b 54 24 18 8b d8 3b c2 73 18 4d 8b 44 24 08
0x00007ffb3b2441d0:   8b cb 49 39 3c c8 0f 84 9e 00 00 00 83 c3 02 3b 


Stack slot to memory mapping:
stack at sp + 0 slots: 0x000000000000026e is an unknown value
stack at sp + 1 slots: 0x0000000000000005 is an unknown value
stack at sp + 2 slots: 0x0000000000000004 is an unknown value
stack at sp + 3 slots: 0x00000000000001d8 is an unknown value
stack at sp + 4 slots: 0x0000000000001000 is an unknown value
stack at sp + 5 slots: 0x0000000000001360 is an unknown value
stack at sp + 6 slots: 0x00000000000004d8 is an unknown value
stack at sp + 7 slots: 0x000000000000026c is an unknown value


---------------  P R O C E S S  ---------------

Threads class SMR info:
_java_thread_list=0x00000193406745a0, length=23, elements={
0x00000193246758b0, 0x00000193384f9020, 0x00000193384fa450, 0x000001933d6a0b30,
0x000001933d6a2fe0, 0x000001933d6a78b0, 0x000001933d6a73a0, 0x000001933d6ae1e0,
0x000001933d6bc9b0, 0x000001933d6c4ec0, 0x000001933d6a87e0, 0x000001933d6a7dc0,
0x000001933d6a6980, 0x000001933d6a9200, 0x000001933d6a9c20, 0x000001933d6a82d0,
0x000001933d6a8cf0, 0x000001933d6a6470, 0x00000193404f38f0, 0x000001933d6a6e90,
0x000001933fe2eb10, 0x0000019340c85290, 0x0000019340832940
}

Java Threads: ( => current thread )
  0x00000193246758b0 JavaThread "main" [_thread_blocked, id=36180, stack(0x00000049b5000000,0x00000049b5100000)]
  0x00000193384f9020 JavaThread "Reference Handler" daemon [_thread_blocked, id=50032, stack(0x00000049b5300000,0x00000049b5400000)]
  0x00000193384fa450 JavaThread "Finalizer" daemon [_thread_blocked, id=69064, stack(0x00000049b5400000,0x00000049b5500000)]
  0x000001933d6a0b30 JavaThread "Signal Dispatcher" daemon [_thread_blocked, id=67740, stack(0x00000049b5500000,0x00000049b5600000)]
  0x000001933d6a2fe0 JavaThread "Attach Listener" daemon [_thread_blocked, id=59340, stack(0x00000049b5600000,0x00000049b5700000)]
  0x000001933d6a78b0 JavaThread "Service Thread" daemon [_thread_blocked, id=23156, stack(0x00000049b5700000,0x00000049b5800000)]
  0x000001933d6a73a0 JavaThread "Monitor Deflation Thread" daemon [_thread_blocked, id=46460, stack(0x00000049b5800000,0x00000049b5900000)]
=>0x000001933d6ae1e0 JavaThread "C2 CompilerThread0" daemon [_thread_in_native, id=37436, stack(0x00000049b5900000,0x00000049b5a00000)]
  0x000001933d6bc9b0 JavaThread "C1 CompilerThread0" daemon [_thread_blocked, id=64072, stack(0x00000049b5a00000,0x00000049b5b00000)]
  0x000001933d6c4ec0 JavaThread "Sweeper thread" daemon [_thread_blocked, id=29704, stack(0x00000049b5b00000,0x00000049b5c00000)]
  0x000001933d6a87e0 JavaThread "Common-Cleaner" daemon [_thread_blocked, id=72440, stack(0x00000049b5c00000,0x00000049b5d00000)]
  0x000001933d6a7dc0 JavaThread "Notification Thread" daemon [_thread_blocked, id=22680, stack(0x00000049b6200000,0x00000049b6300000)]
  0x000001933d6a6980 JavaThread "Active Thread: Equinox Container: dde241ff-0181-4578-bf07-b20dca4f2f82" [_thread_blocked, id=61912, stack(0x00000049b6a00000,0x00000049b6b00000)]
  0x000001933d6a9200 JavaThread "Refresh Thread: Equinox Container: dde241ff-0181-4578-bf07-b20dca4f2f82" daemon [_thread_blocked, id=56268, stack(0x00000049b5d00000,0x00000049b5e00000)]
  0x000001933d6a9c20 JavaThread "Framework Event Dispatcher: Equinox Container: dde241ff-0181-4578-bf07-b20dca4f2f82" daemon [_thread_blocked, id=15336, stack(0x00000049b6000000,0x00000049b6100000)]
  0x000001933d6a82d0 JavaThread "Start Level: Equinox Container: dde241ff-0181-4578-bf07-b20dca4f2f82" daemon [_thread_in_Java, id=34424, stack(0x00000049b6100000,0x00000049b6200000)]
  0x000001933d6a8cf0 JavaThread "Bundle File Closer" daemon [_thread_blocked, id=65032, stack(0x00000049b6900000,0x00000049b6a00000)]
  0x000001933d6a6470 JavaThread "SCR Component Actor" daemon [_thread_blocked, id=22368, stack(0x00000049b6d00000,0x00000049b6e00000)]
  0x00000193404f38f0 JavaThread "C1 CompilerThread1" daemon [_thread_blocked, id=34412, stack(0x00000049b6e00000,0x00000049b6f00000)]
  0x000001933d6a6e90 JavaThread "SCR Component Registry" daemon [_thread_blocked, id=59884, stack(0x00000049b6f00000,0x00000049b7000000)]
  0x000001933fe2eb10 JavaThread "C1 CompilerThread2" daemon [_thread_blocked, id=13728, stack(0x00000049b7000000,0x00000049b7100000)]
  0x0000019340c85290 JavaThread "C1 CompilerThread3" daemon [_thread_blocked, id=16524, stack(0x00000049b7100000,0x00000049b7200000)]
  0x0000019340832940 JavaThread "C2 CompilerThread1" daemon [_thread_blocked, id=52896, stack(0x00000049b7200000,0x00000049b7300000)]

Other Threads:
  0x000001933d6799c0 VMThread "VM Thread" [stack: 0x00000049b5200000,0x00000049b5300000] [id=46472]
  0x000001933fee80e0 WatcherThread [stack: 0x00000049b6300000,0x00000049b6400000] [id=36804]
  0x000001932468bfc0 GCTaskThread "GC Thread#0" [stack: 0x00000049b5100000,0x00000049b5200000] [id=10488]
  0x000001934022d650 GCTaskThread "GC Thread#1" [stack: 0x00000049b6400000,0x00000049b6500000] [id=57192]
  0x0000019340514a40 GCTaskThread "GC Thread#2" [stack: 0x00000049b6500000,0x00000049b6600000] [id=68808]
  0x00000193405aa0a0 GCTaskThread "GC Thread#3" [stack: 0x00000049b6600000,0x00000049b6700000] [id=49248]
  0x00000193405aa360 GCTaskThread "GC Thread#4" [stack: 0x00000049b6700000,0x00000049b6800000] [id=60044]
  0x00000193405aaa30 GCTaskThread "GC Thread#5" [stack: 0x00000049b6800000,0x00000049b6900000] [id=63544]
  0x00000193406e9bb0 GCTaskThread "GC Thread#6" [stack: 0x00000049b5e00000,0x00000049b5f00000] [id=44936]
  0x00000193406e5310 GCTaskThread "GC Thread#7" [stack: 0x00000049b5f00000,0x00000049b6000000] [id=51792]
  0x0000019340835730 GCTaskThread "GC Thread#8" [stack: 0x00000049b6b00000,0x00000049b6c00000] [id=13856]
  0x0000019340a54890 GCTaskThread "GC Thread#9" [stack: 0x00000049b6c00000,0x00000049b6d00000] [id=39572]
  0x000001934032c470 GCTaskThread "GC Thread#10" [stack: 0x00000049b7300000,0x00000049b7400000] [id=37916]
  0x000001934032c730 GCTaskThread "GC Thread#11" [stack: 0x00000049b7400000,0x00000049b7500000] [id=35936]

Threads with active compile tasks:
C2 CompilerThread0    13796 2857       4       com.sun.org.apache.xerces.internal.util.SymbolTable::addSymbol (110 bytes)
C1 CompilerThread3    13796 2925       3       org.eclipse.osgi.internal.loader.classpath.ClasspathManager::findLocalClassImpl (132 bytes)

VM state: not at safepoint (normal execution)

VM Mutex/Monitor currently owned by a thread: None

Heap address: 0x00000000c0000000, size: 1024 MB, Compressed Oops mode: 32-bit

CDS archive(s) not mapped
Compressed class space mapped at: 0x0000000100000000-0x0000000140000000, reserved size: 1073741824
Narrow klass base: 0x0000000000000000, Narrow klass shift: 3, Narrow klass range: 0x140000000

GC Precious Log:
 CPUs: 20 total, 20 available
 Memory: 65277M
 Large Page Support: Disabled
 NUMA Support: Disabled
 Compressed Oops: Enabled (32-bit)
 Alignments: Space 512K, Generation 512K, Heap 2M
 Heap Min Capacity: 100M
 Heap Initial Capacity: 100M
 Heap Max Capacity: 1G
 Pre-touch: Disabled
 Parallel Workers: 15

Heap:
 PSYoungGen      total 29696K, used 9411K [0x00000000eab00000, 0x00000000ecc00000, 0x0000000100000000)
  eden space 25600K, 20% used [0x00000000eab00000,0x00000000eb037910,0x00000000ec400000)
  from space 4096K, 99% used [0x00000000ec800000,0x00000000ecbf9558,0x00000000ecc00000)
  to   space 4096K, 0% used [0x00000000ec400000,0x00000000ec400000,0x00000000ec800000)
 ParOldGen       total 68608K, used 6570K [0x00000000c0000000, 0x00000000c4300000, 0x00000000eab00000)
  object space 68608K, 9% used [0x00000000c0000000,0x00000000c066a940,0x00000000c4300000)
 Metaspace       used 19894K, committed 20288K, reserved 1114112K
  class space    used 2007K, committed 2176K, reserved 1048576K

Card table byte_map: [0x0000019324000000,0x0000019324210000] _byte_map_base: 0x0000019323a00000

Marking Bits: (ParMarkBitMap*) 0x00007ffb3bcc6940
 Begin Bits: [0x0000019336300000, 0x0000019337300000)
 End Bits:   [0x0000019337300000, 0x0000019338300000)

Polling page: 0x00000193225c0000

Metaspace:

Usage:
  Non-class:     17.47 MB used.
      Class:      1.96 MB used.
       Both:     19.43 MB used.

Virtual space:
  Non-class space:       64.00 MB reserved,      17.69 MB ( 28%) committed,  1 nodes.
      Class space:        1.00 GB reserved,       2.12 MB ( <1%) committed,  1 nodes.
             Both:        1.06 GB reserved,      19.81 MB (  2%) committed. 

Chunk freelists:
   Non-Class:  13.53 MB
       Class:  13.78 MB
        Both:  27.31 MB

MaxMetaspaceSize: unlimited
CompressedClassSpaceSize: 1.00 GB
Initial GC threshold: 21.00 MB
Current GC threshold: 21.00 MB
CDS: off
MetaspaceReclaimPolicy: balanced
 - commit_granule_bytes: 65536.
 - commit_granule_words: 8192.
 - virtual_space_node_default_size: 8388608.
 - enlarge_chunks_in_place: 1.
 - new_chunks_are_fully_committed: 0.
 - uncommit_free_chunks: 1.
 - use_allocation_guard: 0.
 - handle_deallocations: 1.


Internal statistics:

num_allocs_failed_limit: 0.
num_arena_births: 178.
num_arena_deaths: 0.
num_vsnodes_births: 2.
num_vsnodes_deaths: 0.
num_space_committed: 317.
num_space_uncommitted: 0.
num_chunks_returned_to_freelist: 0.
num_chunks_taken_from_freelist: 570.
num_chunk_merges: 0.
num_chunk_splits: 369.
num_chunks_enlarged: 259.
num_inconsistent_stats: 0.

CodeHeap 'non-profiled nmethods': size=119168Kb used=1188Kb max_used=1188Kb free=117979Kb
 bounds [0x000001932eea0000, 0x000001932f110000, 0x0000019336300000]
CodeHeap 'profiled nmethods': size=119104Kb used=5916Kb max_used=5916Kb free=113187Kb
 bounds [0x0000019327300000, 0x00000193278d0000, 0x000001932e750000]
CodeHeap 'non-nmethods': size=7488Kb used=2885Kb max_used=2905Kb free=4602Kb
 bounds [0x000001932e750000, 0x000001932ea30000, 0x000001932eea0000]
 total_blobs=3407 nmethods=2924 adapters=392
 compilation: enabled
              stopped_count=0, restarted_count=0
 full_count=0

Compilation events (20 events):
Event: 13.744 Thread 0x0000019340c85290 2877       3       org.apache.felix.scr.impl.manager.AbstractComponentManager::getLogger (10 bytes)
Event: 13.744 Thread 0x0000019340c85290 nmethod 2877 0x00000193278ae610 code [0x00000193278ae7c0, 0x00000193278ae988]
Event: 13.744 Thread 0x0000019340c85290 2878       3       org.apache.felix.scr.impl.manager.DependencyManager::getName (8 bytes)
Event: 13.744 Thread 0x0000019340c85290 nmethod 2878 0x00000193278aea90 code [0x00000193278aec20, 0x00000193278aed58]
Event: 13.745 Thread 0x0000019340c85290 2879       3       org.eclipse.osgi.internal.loader.BundleLoader::getProviderLoader (77 bytes)
Event: 13.746 Thread 0x000001933d6bc9b0 2882       3       java.util.concurrent.locks.AbstractQueuedSynchronizer$ConditionObject::signalAll (34 bytes)
Event: 13.746 Thread 0x00000193404f38f0 2883       3       org.eclipse.osgi.internal.serviceregistry.ServiceRegistrationImpl::compareTo (9 bytes)
Event: 13.746 Thread 0x000001933fe2eb10 2884       3       org.eclipse.osgi.internal.serviceregistry.ServiceRegistrationImpl::compareTo (13 bytes)
Event: 13.746 Thread 0x000001933d6bc9b0 nmethod 2882 0x00000193278b1190 code [0x00000193278b1360, 0x00000193278b16a8]
Event: 13.746 Thread 0x000001933fe2eb10 nmethod 2884 0x00000193278b1810 code [0x00000193278b19c0, 0x00000193278b1de8]
Event: 13.746 Thread 0x000001933d6bc9b0 2881       1       org.apache.felix.scr.impl.manager.DependencyManager::access$100 (5 bytes)
Event: 13.746 Thread 0x000001933fe2eb10 2886       1       org.osgi.framework.ServiceEvent::getType (5 bytes)
Event: 13.746 Thread 0x00000193404f38f0 nmethod 2883 0x00000193278b1f90 code [0x00000193278b2160, 0x00000193278b2748]
Event: 13.746 Thread 0x00000193404f38f0 2885       3       org.eclipse.osgi.internal.serviceregistry.ServiceRegistrationImpl::compareTo (27 bytes)
Event: 13.746 Thread 0x0000019340c85290 nmethod 2879 0x00000193278aee10 code [0x00000193278af1a0, 0x00000193278b0828]
Event: 13.746 Thread 0x000001933d6bc9b0 nmethod 2881 0x000001932efc2d90 code [0x000001932efc2f20, 0x000001932efc2fd8]
Event: 13.747 Thread 0x000001933fe2eb10 nmethod 2886 0x000001932efc3090 code [0x000001932efc3220, 0x000001932efc32f8]
Event: 13.747 Thread 0x000001933d6bc9b0 2880       1       org.apache.felix.scr.impl.metadata.ComponentMetadata::getDSVersion (5 bytes)
Event: 13.747 Thread 0x000001933d6bc9b0 nmethod 2880 0x000001932efc3390 code [0x000001932efc3520, 0x000001932efc35f8]
Event: 13.747 Thread 0x00000193404f38f0 nmethod 2885 0x00000193278b2910 code [0x00000193278b2ae0, 0x00000193278b30f8]

GC Heap History (8 events):
Event: 0.377 GC heap before
{Heap before GC invocations=1 (full 0):
 PSYoungGen      total 29696K, used 25600K [0x00000000eab00000, 0x00000000ecc00000, 0x0000000100000000)
  eden space 25600K, 100% used [0x00000000eab00000,0x00000000ec400000,0x00000000ec400000)
  from space 4096K, 0% used [0x00000000ec800000,0x00000000ec800000,0x00000000ecc00000)
  to   space 4096K, 0% used [0x00000000ec400000,0x00000000ec400000,0x00000000ec800000)
 ParOldGen       total 68608K, used 0K [0x00000000c0000000, 0x00000000c4300000, 0x00000000eab00000)
  object space 68608K, 0% used [0x00000000c0000000,0x00000000c0000000,0x00000000c4300000)
 Metaspace       used 10579K, committed 10752K, reserved 1114112K
  class space    used 1053K, committed 1152K, reserved 1048576K
}
Event: 0.381 GC heap after
{Heap after GC invocations=1 (full 0):
 PSYoungGen      total 29696K, used 3102K [0x00000000eab00000, 0x00000000ecc00000, 0x0000000100000000)
  eden space 25600K, 0% used [0x00000000eab00000,0x00000000eab00000,0x00000000ec400000)
  from space 4096K, 75% used [0x00000000ec400000,0x00000000ec707970,0x00000000ec800000)
  to   space 4096K, 0% used [0x00000000ec800000,0x00000000ec800000,0x00000000ecc00000)
 ParOldGen       total 68608K, used 16K [0x00000000c0000000, 0x00000000c4300000, 0x00000000eab00000)
  object space 68608K, 0% used [0x00000000c0000000,0x00000000c0004000,0x00000000c4300000)
 Metaspace       used 10579K, committed 10752K, reserved 1114112K
  class space    used 1053K, committed 1152K, reserved 1048576K
}
Event: 3.478 GC heap before
{Heap before GC invocations=2 (full 0):
 PSYoungGen      total 29696K, used 28702K [0x00000000eab00000, 0x00000000ecc00000, 0x0000000100000000)
  eden space 25600K, 100% used [0x00000000eab00000,0x00000000ec400000,0x00000000ec400000)
  from space 4096K, 75% used [0x00000000ec400000,0x00000000ec707970,0x00000000ec800000)
  to   space 4096K, 0% used [0x00000000ec800000,0x00000000ec800000,0x00000000ecc00000)
 ParOldGen       total 68608K, used 16K [0x00000000c0000000, 0x00000000c4300000, 0x00000000eab00000)
  object space 68608K, 0% used [0x00000000c0000000,0x00000000c0004000,0x00000000c4300000)
 Metaspace       used 14143K, committed 14336K, reserved 1114112K
  class space    used 1401K, committed 1472K, reserved 1048576K
}
Event: 3.483 GC heap after
{Heap after GC invocations=2 (full 0):
 PSYoungGen      total 29696K, used 4069K [0x00000000eab00000, 0x00000000ecc00000, 0x0000000100000000)
  eden space 25600K, 0% used [0x00000000eab00000,0x00000000eab00000,0x00000000ec400000)
  from space 4096K, 99% used [0x00000000ec800000,0x00000000ecbf9508,0x00000000ecc00000)
  to   space 4096K, 0% used [0x00000000ec400000,0x00000000ec400000,0x00000000ec800000)
 ParOldGen       total 68608K, used 1640K [0x00000000c0000000, 0x00000000c4300000, 0x00000000eab00000)
  object space 68608K, 2% used [0x00000000c0000000,0x00000000c019a0d0,0x00000000c4300000)
 Metaspace       used 14143K, committed 14336K, reserved 1114112K
  class space    used 1401K, committed 1472K, reserved 1048576K
}
Event: 9.380 GC heap before
{Heap before GC invocations=3 (full 0):
 PSYoungGen      total 29696K, used 29669K [0x00000000eab00000, 0x00000000ecc00000, 0x0000000100000000)
  eden space 25600K, 100% used [0x00000000eab00000,0x00000000ec400000,0x00000000ec400000)
  from space 4096K, 99% used [0x00000000ec800000,0x00000000ecbf9508,0x00000000ecc00000)
  to   space 4096K, 0% used [0x00000000ec400000,0x00000000ec400000,0x00000000ec800000)
 ParOldGen       total 68608K, used 1640K [0x00000000c0000000, 0x00000000c4300000, 0x00000000eab00000)
  object space 68608K, 2% used [0x00000000c0000000,0x00000000c019a0d0,0x00000000c4300000)
 Metaspace       used 16253K, committed 16448K, reserved 1114112K
  class space    used 1639K, committed 1728K, reserved 1048576K
}
Event: 9.386 GC heap after
{Heap after GC invocations=3 (full 0):
 PSYoungGen      total 29696K, used 4069K [0x00000000eab00000, 0x00000000ecc00000, 0x0000000100000000)
  eden space 25600K, 0% used [0x00000000eab00000,0x00000000eab00000,0x00000000ec400000)
  from space 4096K, 99% used [0x00000000ec400000,0x00000000ec7f9530,0x00000000ec800000)
  to   space 4096K, 0% used [0x00000000ec800000,0x00000000ec800000,0x00000000ecc00000)
 ParOldGen       total 68608K, used 5819K [0x00000000c0000000, 0x00000000c4300000, 0x00000000eab00000)
  object space 68608K, 8% used [0x00000000c0000000,0x00000000c05aed20,0x00000000c4300000)
 Metaspace       used 16253K, committed 16448K, reserved 1114112K
  class space    used 1639K, committed 1728K, reserved 1048576K
}
Event: 13.653 GC heap before
{Heap before GC invocations=4 (full 0):
 PSYoungGen      total 29696K, used 29669K [0x00000000eab00000, 0x00000000ecc00000, 0x0000000100000000)
  eden space 25600K, 100% used [0x00000000eab00000,0x00000000ec400000,0x00000000ec400000)
  from space 4096K, 99% used [0x00000000ec400000,0x00000000ec7f9530,0x00000000ec800000)
  to   space 4096K, 0% used [0x00000000ec800000,0x00000000ec800000,0x00000000ecc00000)
 ParOldGen       total 68608K, used 5819K [0x00000000c0000000, 0x00000000c4300000, 0x00000000eab00000)
  object space 68608K, 8% used [0x00000000c0000000,0x00000000c05aed20,0x00000000c4300000)
 Metaspace       used 19371K, committed 19712K, reserved 1114112K
  class space    used 1951K, committed 2112K, reserved 1048576K
}
Event: 13.656 GC heap after
{Heap after GC invocations=4 (full 0):
 PSYoungGen      total 29696K, used 4069K [0x00000000eab00000, 0x00000000ecc00000, 0x0000000100000000)
  eden space 25600K, 0% used [0x00000000eab00000,0x00000000eab00000,0x00000000ec400000)
  from space 4096K, 99% used [0x00000000ec800000,0x00000000ecbf9558,0x00000000ecc00000)
  to   space 4096K, 0% used [0x00000000ec400000,0x00000000ec400000,0x00000000ec800000)
 ParOldGen       total 68608K, used 6570K [0x00000000c0000000, 0x00000000c4300000, 0x00000000eab00000)
  object space 68608K, 9% used [0x00000000c0000000,0x00000000c066a940,0x00000000c4300000)
 Metaspace       used 19371K, committed 19712K, reserved 1114112K
  class space    used 1951K, committed 2112K, reserved 1048576K
}

Dll operation events (9 events):
Event: 0.005 Loaded shared library c:\Users\bryanesteban\.vscode\extensions\redhat.java-1.38.0-win32-x64\jre\17.0.13-win32-x86_64\bin\java.dll
Event: 0.089 Loaded shared library c:\Users\bryanesteban\.vscode\extensions\redhat.java-1.38.0-win32-x64\jre\17.0.13-win32-x86_64\bin\zip.dll
Event: 0.090 Loaded shared library C:\Users\bryanesteban\.vscode\extensions\redhat.java-1.38.0-win32-x64\jre\17.0.13-win32-x86_64\bin\instrument.dll
Event: 0.097 Loaded shared library C:\Users\bryanesteban\.vscode\extensions\redhat.java-1.38.0-win32-x64\jre\17.0.13-win32-x86_64\bin\net.dll
Event: 0.098 Loaded shared library C:\Users\bryanesteban\.vscode\extensions\redhat.java-1.38.0-win32-x64\jre\17.0.13-win32-x86_64\bin\nio.dll
Event: 0.102 Loaded shared library C:\Users\bryanesteban\.vscode\extensions\redhat.java-1.38.0-win32-x64\jre\17.0.13-win32-x86_64\bin\zip.dll
Event: 0.112 Loaded shared library C:\Users\bryanesteban\.vscode\extensions\redhat.java-1.38.0-win32-x64\jre\17.0.13-win32-x86_64\bin\jimage.dll
Event: 0.140 Loaded shared library c:\Users\bryanesteban\.vscode\extensions\redhat.java-1.38.0-win32-x64\jre\17.0.13-win32-x86_64\bin\verify.dll
Event: 3.504 Loaded shared library C:\Users\bryanesteban\AppData\Roaming\Code\User\globalStorage\redhat.java\1.38.0\config_win\org.eclipse.equinox.launcher\org.eclipse.equinox.launcher.win32.win32.x86_64_1.2.1100.v20240722-2106\eclipse_11904.dll

Deoptimization events (20 events):
Event: 13.591 Thread 0x000001933d6a82d0 DEOPT PACKING pc=0x00000193277ed776 sp=0x00000049b61f7f70
Event: 13.591 Thread 0x000001933d6a82d0 DEOPT UNPACKING pc=0x000001932e7a6e43 sp=0x00000049b61f7430 mode 0
Event: 13.594 Thread 0x000001933d6a82d0 DEOPT PACKING pc=0x00000193277ed776 sp=0x00000049b61f8360
Event: 13.594 Thread 0x000001933d6a82d0 DEOPT UNPACKING pc=0x000001932e7a6e43 sp=0x00000049b61f7820 mode 0
Event: 13.629 Thread 0x000001933d6a82d0 Uncommon trap: trap_request=0xffffff45 fr.pc=0x000001932efb03f4 relative=0x0000000000000314
Event: 13.629 Thread 0x000001933d6a82d0 Uncommon trap: reason=unstable_if action=reinterpret pc=0x000001932efb03f4 method=com.sun.org.apache.xerces.internal.impl.XMLEntityScanner.skipSpaces()Z @ 88 c2
Event: 13.629 Thread 0x000001933d6a82d0 DEOPT PACKING pc=0x000001932efb03f4 sp=0x00000049b61f8540
Event: 13.629 Thread 0x000001933d6a82d0 DEOPT UNPACKING pc=0x000001932e7a66a3 sp=0x00000049b61f84d8 mode 2
Event: 13.629 Thread 0x000001933d6a82d0 Uncommon trap: trap_request=0xffffff45 fr.pc=0x000001932efafa58 relative=0x00000000000000b8
Event: 13.629 Thread 0x000001933d6a82d0 Uncommon trap: reason=unstable_if action=reinterpret pc=0x000001932efafa58 method=com.sun.org.apache.xerces.internal.impl.XMLEntityScanner.peekChar()I @ 51 c2
Event: 13.629 Thread 0x000001933d6a82d0 DEOPT PACKING pc=0x000001932efafa58 sp=0x00000049b61f8490
Event: 13.629 Thread 0x000001933d6a82d0 DEOPT UNPACKING pc=0x000001932e7a66a3 sp=0x00000049b61f8418 mode 2
Event: 13.647 Thread 0x000001933d6a82d0 Uncommon trap: trap_request=0xffffffcc fr.pc=0x000001932efb2880 relative=0x00000000000001e0
Event: 13.647 Thread 0x000001933d6a82d0 Uncommon trap: reason=intrinsic_or_type_checked_inlining action=make_not_entrant pc=0x000001932efb2880 method=java.util.Arrays.copyOf([Ljava/lang/Object;ILjava/lang/Class;)[Ljava/lang/Object; @ 35 c2
Event: 13.647 Thread 0x000001933d6a82d0 DEOPT PACKING pc=0x000001932efb2880 sp=0x00000049b61fb8b0
Event: 13.647 Thread 0x000001933d6a82d0 DEOPT UNPACKING pc=0x000001932e7a66a3 sp=0x00000049b61fb840 mode 2
Event: 13.697 Thread 0x000001933d6a82d0 Uncommon trap: trap_request=0xffffff45 fr.pc=0x000001932efb4500 relative=0x00000000000004a0
Event: 13.697 Thread 0x000001933d6a82d0 Uncommon trap: reason=unstable_if action=reinterpret pc=0x000001932efb4500 method=com.sun.org.apache.xerces.internal.impl.XMLEntityScanner.scanLiteral(ILcom/sun/org/apache/xerces/internal/xni/XMLString;Z)I @ 299 c2
Event: 13.697 Thread 0x000001933d6a82d0 DEOPT PACKING pc=0x000001932efb4500 sp=0x00000049b61fd490
Event: 13.697 Thread 0x000001933d6a82d0 DEOPT UNPACKING pc=0x000001932e7a66a3 sp=0x00000049b61fd420 mode 2

Classes loaded (20 events):
Event: 13.423 Loading class java/util/Timer$ThreadReaper
Event: 13.423 Loading class java/util/Timer$ThreadReaper done
Event: 13.434 Loading class java/util/concurrent/locks/ReentrantLock$FairSync
Event: 13.434 Loading class java/util/concurrent/locks/ReentrantLock$FairSync done
Event: 13.489 Loading class jdk/internal/reflect/UnsafeStaticObjectFieldAccessorImpl
Event: 13.489 Loading class jdk/internal/reflect/UnsafeStaticObjectFieldAccessorImpl done
Event: 13.490 Loading class java/lang/IllegalCallerException
Event: 13.490 Loading class java/lang/IllegalCallerException done
Event: 13.494 Loading class org/xml/sax/SAXParseException
Event: 13.494 Loading class org/xml/sax/SAXParseException done
Event: 13.644 Loading class java/util/TreeMap$Values
Event: 13.644 Loading class java/util/TreeMap$Values done
Event: 13.644 Loading class java/util/TreeMap$ValueIterator
Event: 13.644 Loading class java/util/TreeMap$ValueIterator done
Event: 13.659 Loading class java/nio/file/NoSuchFileException
Event: 13.659 Loading class java/nio/file/FileSystemException
Event: 13.659 Loading class java/nio/file/FileSystemException done
Event: 13.659 Loading class java/nio/file/NoSuchFileException done
Event: 13.710 Loading class java/lang/Process
Event: 13.710 Loading class java/lang/Process done

Classes unloaded (0 events):
No events

Classes redefined (0 events):
No events

Internal exceptions (20 events):
Event: 0.375 Thread 0x00000193246758b0 Implicit null exception at 0x000001932eef088e to 0x000001932eef0ad4
Event: 0.375 Thread 0x00000193246758b0 Implicit null exception at 0x000001932eeed88f to 0x000001932eeed905
Event: 0.402 Thread 0x00000193246758b0 Exception <a 'java/lang/NoSuchMethodError'{0x00000000ead54590}: 'int java.lang.invoke.DirectMethodHandle$Holder.invokeStaticInit(java.lang.Object, java.lang.Object, java.lang.Object, java.lang.Object)'> (0x00000000ead54590) 
thrown [s\src\hotspot\share\interpreter\linkResolver.cpp, line 759]
Event: 0.403 Thread 0x00000193246758b0 Exception <a 'java/lang/NoSuchMethodError'{0x00000000ead5ecf8}: 'java.lang.Object java.lang.invoke.DirectMethodHandle$Holder.invokeInterface(java.lang.Object, java.lang.Object)'> (0x00000000ead5ecf8) 
thrown [s\src\hotspot\share\interpreter\linkResolver.cpp, line 759]
Event: 0.403 Thread 0x00000193246758b0 Exception <a 'java/lang/IncompatibleClassChangeError'{0x00000000ead624f0}: Found class java.lang.Object, but interface was expected> (0x00000000ead624f0) 
thrown [s\src\hotspot\share\interpreter\linkResolver.cpp, line 826]
Event: 0.404 Thread 0x00000193246758b0 Exception <a 'java/lang/NoSuchMethodError'{0x00000000ead66c30}: 'void java.lang.invoke.DirectMethodHandle$Holder.invokeStatic(java.lang.Object, java.lang.Object)'> (0x00000000ead66c30) 
thrown [s\src\hotspot\share\interpreter\linkResolver.cpp, line 759]
Event: 0.404 Thread 0x00000193246758b0 Exception <a 'java/lang/NoSuchMethodError'{0x00000000ead6a430}: 'void java.lang.invoke.DirectMethodHandle$Holder.invokeStaticInit(java.lang.Object, java.lang.Object)'> (0x00000000ead6a430) 
thrown [s\src\hotspot\share\interpreter\linkResolver.cpp, line 759]
Event: 0.404 Thread 0x00000193246758b0 Exception <a 'java/lang/NoSuchMethodError'{0x00000000ead71950}: 'int java.lang.invoke.DirectMethodHandle$Holder.invokeStaticInit(java.lang.Object, java.lang.Object)'> (0x00000000ead71950) 
thrown [s\src\hotspot\share\interpreter\linkResolver.cpp, line 759]
Event: 0.429 Thread 0x00000193246758b0 Exception <a 'java/lang/NoSuchMethodError'{0x00000000eaec2690}: 'void java.lang.invoke.DirectMethodHandle$Holder.invokeSpecial(java.lang.Object, java.lang.Object, java.lang.Object)'> (0x00000000eaec2690) 
thrown [s\src\hotspot\share\interpreter\linkResolver.cpp, line 759]
Event: 0.569 Thread 0x00000193246758b0 Exception <a 'java/lang/NoSuchMethodError'{0x00000000ebd12768}: 'java.lang.Object java.lang.invoke.DirectMethodHandle$Holder.newInvokeSpecial(java.lang.Object, int, java.lang.Object)'> (0x00000000ebd12768) 
thrown [s\src\hotspot\share\interpreter\linkResolver.cpp, line 759]
Event: 3.468 Thread 0x00000193246758b0 Exception <a 'java/lang/UnsatisfiedLinkError'{0x00000000ec2edb10}: 'void org.eclipse.equinox.launcher.JNIBridge._update_splash()'> (0x00000000ec2edb10) 
thrown [s\src\hotspot\share\prims\nativeLookup.cpp, line 543]
Event: 3.475 Thread 0x000001933d6a9200 Exception <a 'java/lang/NoSuchMethodError'{0x00000000ec3a9860}: 'java.lang.Object java.lang.invoke.Invokers$Holder.invokeExact_MT(java.lang.Object, java.lang.Object, java.lang.Object, java.lang.Object, java.lang.Object, java.lang.Object)'> (0x00000000ec3a9860) 
thrown [s\src\hotspot\share\interpreter\linkResolver.cpp, line 759]
Event: 3.476 Thread 0x000001933d6a9200 Exception <a 'java/lang/NoSuchMethodError'{0x00000000ec3bd670}: 'int java.lang.invoke.DirectMethodHandle$Holder.invokeSpecial(java.lang.Object, java.lang.Object, java.lang.Object)'> (0x00000000ec3bd670) 
thrown [s\src\hotspot\share\interpreter\linkResolver.cpp, line 759]
Event: 3.537 Thread 0x000001933d6a82d0 Exception <a 'java/lang/NoSuchMethodError'{0x00000000eafb6960}: 'java.lang.Object java.lang.invoke.DirectMethodHandle$Holder.invokeStaticInit(java.lang.Object)'> (0x00000000eafb6960) 
thrown [s\src\hotspot\share\interpreter\linkResolver.cpp, line 759]
Event: 3.545 Thread 0x000001933d6a82d0 Exception <a 'java/lang/NoSuchMethodError'{0x00000000eb0809c8}: 'java.lang.Object java.lang.invoke.DirectMethodHandle$Holder.newInvokeSpecial(java.lang.Object, java.lang.Object, int, java.lang.Object)'> (0x00000000eb0809c8) 
thrown [s\src\hotspot\share\interpreter\linkResolver.cpp, line 759]
Event: 3.545 Thread 0x000001933d6a82d0 Exception <a 'java/lang/NoSuchMethodError'{0x00000000eb084cb0}: 'java.lang.Object java.lang.invoke.DirectMethodHandle$Holder.invokeSpecial(java.lang.Object, java.lang.Object, java.lang.Object, int, java.lang.Object)'> (0x00000000eb084cb0) 
thrown [s\src\hotspot\share\interpreter\linkResolver.cpp, line 759]
Event: 3.566 Thread 0x000001933d6a82d0 Exception <a 'java/lang/ClassNotFoundException'{0x00000000eb2b0c68}: sun/util/logging/resources/spi/loggingProvider> (0x00000000eb2b0c68) 
thrown [s\src\hotspot\share\classfile\systemDictionary.cpp, line 256]
Event: 13.358 Thread 0x000001933d6a82d0 Exception <a 'java/lang/NullPointerException'{0x00000000eb1c1790}> (0x00000000eb1c1790) 
thrown [s\src\hotspot\share\interpreter\linkResolver.cpp, line 1350]
Event: 13.358 Thread 0x000001933d6a82d0 Exception <a 'java/lang/NullPointerException'{0x00000000eb1c1a68}> (0x00000000eb1c1a68) 
thrown [s\src\hotspot\share\interpreter\linkResolver.cpp, line 1350]
Event: 13.669 Thread 0x000001933d6a82d0 Exception <a 'java/io/FileNotFoundException'{0x00000000eab8ae50}> (0x00000000eab8ae50) 
thrown [s\src\hotspot\share\prims\jni.cpp, line 516]

VM Operations (20 events):
Event: 3.580 Executing VM operation: HandshakeAllThreads
Event: 3.580 Executing VM operation: HandshakeAllThreads done
Event: 3.586 Executing VM operation: HandshakeAllThreads
Event: 3.586 Executing VM operation: HandshakeAllThreads done
Event: 4.599 Executing VM operation: Cleanup
Event: 4.599 Executing VM operation: Cleanup done
Event: 5.605 Executing VM operation: Cleanup
Event: 5.605 Executing VM operation: Cleanup done
Event: 9.380 Executing VM operation: ParallelGCFailedAllocation
Event: 9.386 Executing VM operation: ParallelGCFailedAllocation done
Event: 10.399 Executing VM operation: Cleanup
Event: 10.399 Executing VM operation: Cleanup done
Event: 11.407 Executing VM operation: Cleanup
Event: 11.407 Executing VM operation: Cleanup done
Event: 12.420 Executing VM operation: Cleanup
Event: 12.420 Executing VM operation: Cleanup done
Event: 13.356 Executing VM operation: HandshakeAllThreads
Event: 13.356 Executing VM operation: HandshakeAllThreads done
Event: 13.653 Executing VM operation: ParallelGCFailedAllocation
Event: 13.657 Executing VM operation: ParallelGCFailedAllocation done

Memory protections (0 events):
No events

Nmethod flushes (0 events):
No events

Events (20 events):
Event: 1.241 Thread 0x000001933fddd570 Thread exited: 0x000001933fddd570
Event: 1.241 Thread 0x000001933fddd050 Thread exited: 0x000001933fddd050
Event: 1.310 Thread 0x000001933d845cf0 Thread exited: 0x000001933d845cf0
Event: 1.460 Thread 0x000001933d894750 Thread exited: 0x000001933d894750
Event: 3.467 Thread 0x00000193246758b0 Thread added: 0x000001933d6a9200
Event: 3.489 Thread 0x000001933d6a9200 Thread added: 0x000001933d6a9c20
Event: 3.506 Thread 0x00000193246758b0 Thread added: 0x000001933d6a82d0
Event: 3.558 Thread 0x000001933d6bc9b0 Thread added: 0x000001934087b7a0
Event: 3.588 Thread 0x000001933d6bc9b0 Thread added: 0x0000019340693020
Event: 3.590 Thread 0x000001934087b7a0 Thread added: 0x00000193407c4da0
Event: 3.974 Thread 0x00000193407c4da0 Thread exited: 0x00000193407c4da0
Event: 4.010 Thread 0x0000019340693020 Thread exited: 0x0000019340693020
Event: 4.169 Thread 0x000001934087b7a0 Thread exited: 0x000001934087b7a0
Event: 5.068 Thread 0x000001933d6a82d0 Thread added: 0x000001933d6a8cf0
Event: 13.333 Thread 0x000001933d6a82d0 Thread added: 0x000001933d6a6470
Event: 13.343 Thread 0x000001933d6bc9b0 Thread added: 0x00000193404f38f0
Event: 13.424 Thread 0x000001933d6a82d0 Thread added: 0x000001933d6a6e90
Event: 13.535 Thread 0x00000193404f38f0 Thread added: 0x000001933fe2eb10
Event: 13.571 Thread 0x000001933fe2eb10 Thread added: 0x0000019340c85290
Event: 13.579 Thread 0x000001933d6ae1e0 Thread added: 0x0000019340832940


Dynamic libraries:
0x00007ff7c7c10000 - 0x00007ff7c7c1e000 	c:\Users\bryanesteban\.vscode\extensions\redhat.java-1.38.0-win32-x64\jre\17.0.13-win32-x86_64\bin\java.exe
0x00007ffc14d90000 - 0x00007ffc14fa7000 	C:\WINDOWS\SYSTEM32\ntdll.dll
0x00007ffc144b0000 - 0x00007ffc14574000 	C:\WINDOWS\System32\KERNEL32.DLL
0x00007ffc123f0000 - 0x00007ffc127aa000 	C:\WINDOWS\System32\KERNELBASE.dll
0x00007ffc12250000 - 0x00007ffc12361000 	C:\WINDOWS\System32\ucrtbase.dll
0x00007ffbde040000 - 0x00007ffbde05e000 	c:\Users\bryanesteban\.vscode\extensions\redhat.java-1.38.0-win32-x64\jre\17.0.13-win32-x86_64\bin\VCRUNTIME140.dll
0x00007ffbd94d0000 - 0x00007ffbd94e7000 	c:\Users\bryanesteban\.vscode\extensions\redhat.java-1.38.0-win32-x64\jre\17.0.13-win32-x86_64\bin\jli.dll
0x00007ffc14220000 - 0x00007ffc143ce000 	C:\WINDOWS\System32\USER32.dll
0x00007ffc05490000 - 0x00007ffc05722000 	C:\WINDOWS\WinSxS\amd64_microsoft.windows.common-controls_6595b64144ccf1df_6.0.22621.4541_none_2710d1c57384c085\COMCTL32.dll
0x00007ffc12220000 - 0x00007ffc12246000 	C:\WINDOWS\System32\win32u.dll
0x00007ffc14170000 - 0x00007ffc14217000 	C:\WINDOWS\System32\msvcrt.dll
0x00007ffc13390000 - 0x00007ffc133b9000 	C:\WINDOWS\System32\GDI32.dll
0x00007ffc12030000 - 0x00007ffc1214b000 	C:\WINDOWS\System32\gdi32full.dll
0x00007ffc12150000 - 0x00007ffc121ea000 	C:\WINDOWS\System32\msvcp_win.dll
0x00007ffc132c0000 - 0x00007ffc132f1000 	C:\WINDOWS\System32\IMM32.DLL
0x00007ffbe3340000 - 0x00007ffbe334c000 	c:\Users\bryanesteban\.vscode\extensions\redhat.java-1.38.0-win32-x64\jre\17.0.13-win32-x86_64\bin\vcruntime140_1.dll
0x00007ffbae440000 - 0x00007ffbae4cd000 	c:\Users\bryanesteban\.vscode\extensions\redhat.java-1.38.0-win32-x64\jre\17.0.13-win32-x86_64\bin\msvcp140.dll
0x00007ffb3b120000 - 0x00007ffb3bd8b000 	c:\Users\bryanesteban\.vscode\extensions\redhat.java-1.38.0-win32-x64\jre\17.0.13-win32-x86_64\bin\server\jvm.dll
0x00007ffc14ab0000 - 0x00007ffc14b62000 	C:\WINDOWS\System32\ADVAPI32.dll
0x00007ffc133c0000 - 0x00007ffc13467000 	C:\WINDOWS\System32\sechost.dll
0x00007ffc121f0000 - 0x00007ffc12218000 	C:\WINDOWS\System32\bcrypt.dll
0x00007ffc146f0000 - 0x00007ffc14804000 	C:\WINDOWS\System32\RPCRT4.dll
0x00007ffc14920000 - 0x00007ffc14991000 	C:\WINDOWS\System32\WS2_32.dll
0x00007ffc10e80000 - 0x00007ffc10ecd000 	C:\WINDOWS\SYSTEM32\POWRPROF.dll
0x00007ffc0a4a0000 - 0x00007ffc0a4d4000 	C:\WINDOWS\SYSTEM32\WINMM.dll
0x00007ffc08170000 - 0x00007ffc0817a000 	C:\WINDOWS\SYSTEM32\VERSION.dll
0x00007ffc10e60000 - 0x00007ffc10e73000 	C:\WINDOWS\SYSTEM32\UMPDC.dll
0x00007ffc11120000 - 0x00007ffc11138000 	C:\WINDOWS\SYSTEM32\kernel.appcore.dll
0x00007ffbe0820000 - 0x00007ffbe082a000 	c:\Users\bryanesteban\.vscode\extensions\redhat.java-1.38.0-win32-x64\jre\17.0.13-win32-x86_64\bin\jimage.dll
0x00007ffc079d0000 - 0x00007ffc07c02000 	C:\WINDOWS\SYSTEM32\DBGHELP.DLL
0x00007ffc12a60000 - 0x00007ffc12def000 	C:\WINDOWS\System32\combase.dll
0x00007ffc143d0000 - 0x00007ffc144a7000 	C:\WINDOWS\System32\OLEAUT32.dll
0x00007ffbef610000 - 0x00007ffbef642000 	C:\WINDOWS\SYSTEM32\dbgcore.DLL
0x00007ffc12920000 - 0x00007ffc1299b000 	C:\WINDOWS\System32\bcryptPrimitives.dll
0x00007ffbe2cb0000 - 0x00007ffbe2cbe000 	c:\Users\bryanesteban\.vscode\extensions\redhat.java-1.38.0-win32-x64\jre\17.0.13-win32-x86_64\bin\instrument.dll
0x00007ffbb1880000 - 0x00007ffbb18a5000 	c:\Users\bryanesteban\.vscode\extensions\redhat.java-1.38.0-win32-x64\jre\17.0.13-win32-x86_64\bin\java.dll
0x00007ffc09b80000 - 0x00007ffc09b98000 	c:\Users\bryanesteban\.vscode\extensions\redhat.java-1.38.0-win32-x64\jre\17.0.13-win32-x86_64\bin\zip.dll
0x00007ffc13470000 - 0x00007ffc13ce8000 	C:\WINDOWS\System32\SHELL32.dll
0x00007ffc0ff30000 - 0x00007ffc10838000 	C:\WINDOWS\SYSTEM32\windows.storage.dll
0x00007ffc0fdf0000 - 0x00007ffc0ff2f000 	C:\WINDOWS\SYSTEM32\wintypes.dll
0x00007ffc14810000 - 0x00007ffc1490a000 	C:\WINDOWS\System32\SHCORE.dll
0x00007ffc130a0000 - 0x00007ffc130fe000 	C:\WINDOWS\System32\shlwapi.dll
0x00007ffc11f60000 - 0x00007ffc11f8b000 	C:\WINDOWS\SYSTEM32\profapi.dll
0x00007ffbe0720000 - 0x00007ffbe0739000 	C:\Users\bryanesteban\.vscode\extensions\redhat.java-1.38.0-win32-x64\jre\17.0.13-win32-x86_64\bin\net.dll
0x00007ffc0d470000 - 0x00007ffc0d5a6000 	C:\WINDOWS\SYSTEM32\WINHTTP.dll
0x00007ffc11590000 - 0x00007ffc115f9000 	C:\WINDOWS\system32\mswsock.dll
0x00007ffbee2e0000 - 0x00007ffbee2f6000 	C:\Users\bryanesteban\.vscode\extensions\redhat.java-1.38.0-win32-x64\jre\17.0.13-win32-x86_64\bin\nio.dll
0x00007ffc09b70000 - 0x00007ffc09b80000 	c:\Users\bryanesteban\.vscode\extensions\redhat.java-1.38.0-win32-x64\jre\17.0.13-win32-x86_64\bin\verify.dll
0x00007ffbb80b0000 - 0x00007ffbb80f5000 	C:\Users\bryanesteban\AppData\Roaming\Code\User\globalStorage\redhat.java\1.38.0\config_win\org.eclipse.equinox.launcher\org.eclipse.equinox.launcher.win32.win32.x86_64_1.2.1100.v20240722-2106\eclipse_11904.dll
0x00007ffc14b70000 - 0x00007ffc14d15000 	C:\WINDOWS\System32\ole32.dll

dbghelp: loaded successfully - version: 4.0.5 - missing functions: none
symbol engine: initialized successfully - sym options: 0x614 - pdb path: .;c:\Users\bryanesteban\.vscode\extensions\redhat.java-1.38.0-win32-x64\jre\17.0.13-win32-x86_64\bin;C:\WINDOWS\SYSTEM32;C:\WINDOWS\WinSxS\amd64_microsoft.windows.common-controls_6595b64144ccf1df_6.0.22621.4541_none_2710d1c57384c085;c:\Users\bryanesteban\.vscode\extensions\redhat.java-1.38.0-win32-x64\jre\17.0.13-win32-x86_64\bin\server;C:\Users\bryanesteban\AppData\Roaming\Code\User\globalStorage\redhat.java\1.38.0\config_win\org.eclipse.equinox.launcher\org.eclipse.equinox.launcher.win32.win32.x86_64_1.2.1100.v20240722-2106

VM Arguments:
jvm_args: --add-modules=ALL-SYSTEM --add-opens=java.base/java.util=ALL-UNNAMED --add-opens=java.base/java.lang=ALL-UNNAMED --add-opens=java.base/sun.nio.fs=ALL-UNNAMED -Declipse.application=org.eclipse.jdt.ls.core.id1 -Dosgi.bundles.defaultStartLevel=4 -Declipse.product=org.eclipse.jdt.ls.core.product -Djava.import.generatesMetadataFilesAtProjectRoot=false -DDetectVMInstallationsJob.disabled=true -Dfile.encoding=utf8 -XX:+UseParallelGC -XX:GCTimeRatio=4 -XX:AdaptiveSizePolicyWeight=90 -Dsun.zip.disableMemoryMapping=true -Xmx1G -Xms100m -Xlog:disable -javaagent:c:\Users\bryanesteban\.vscode\extensions\redhat.java-1.38.0-win32-x64\lombok\lombok-1.18.34.jar -XX:+HeapDumpOnOutOfMemoryError -XX:HeapDumpPath=c:\Users\bryanesteban\AppData\Roaming\Code\User\workspaceStorage\33667f003fb07b1d5c002f0531335b67\redhat.java -Daether.dependencyCollector.impl=bf 
java_command: c:\Users\bryanesteban\.vscode\extensions\redhat.java-1.38.0-win32-x64\server\plugins\org.eclipse.equinox.launcher_1.6.900.v20240613-2009.jar -configuration c:\Users\bryanesteban\AppData\Roaming\Code\User\globalStorage\redhat.java\1.38.0\config_win -data c:\Users\bryanesteban\AppData\Roaming\Code\User\workspaceStorage\33667f003fb07b1d5c002f0531335b67\redhat.java\jdt_ws --pipe=\\.\pipe\lsp-a274e8d9672bf6a811941bc88a88c6c4-sock
java_class_path (initial): c:\Users\bryanesteban\.vscode\extensions\redhat.java-1.38.0-win32-x64\server\plugins\org.eclipse.equinox.launcher_1.6.900.v20240613-2009.jar
Launcher Type: SUN_STANDARD

[Global flags]
    uintx AdaptiveSizePolicyWeight                 = 90                                        {product} {command line}
     intx CICompilerCount                          = 12                                        {product} {ergonomic}
    uintx GCTimeRatio                              = 4                                         {product} {command line}
     bool HeapDumpOnOutOfMemoryError               = true                                   {manageable} {command line}
    ccstr HeapDumpPath                             = c:\Users\bryanesteban\AppData\Roaming\Code\User\workspaceStorage\33667f003fb07b1d5c002f0531335b67\redhat.java         {manageable} {command line}
   size_t InitialHeapSize                          = 104857600                                 {product} {command line}
   size_t MaxHeapSize                              = 1073741824                                {product} {command line}
   size_t MaxNewSize                               = 357564416                                 {product} {ergonomic}
   size_t MinHeapDeltaBytes                        = 524288                                    {product} {ergonomic}
   size_t MinHeapSize                              = 104857600                                 {product} {command line}
   size_t NewSize                                  = 34603008                                  {product} {ergonomic}
    uintx NonNMethodCodeHeapSize                   = 7602480                                {pd product} {ergonomic}
    uintx NonProfiledCodeHeapSize                  = 122027880                              {pd product} {ergonomic}
   size_t OldSize                                  = 70254592                                  {product} {ergonomic}
    uintx ProfiledCodeHeapSize                     = 122027880                              {pd product} {ergonomic}
    uintx ReservedCodeCacheSize                    = 251658240                              {pd product} {ergonomic}
     bool SegmentedCodeCache                       = true                                      {product} {ergonomic}
   size_t SoftMaxHeapSize                          = 1073741824                             {manageable} {ergonomic}
     bool UseCompressedClassPointers               = true                           {product lp64_product} {ergonomic}
     bool UseCompressedOops                        = true                           {product lp64_product} {ergonomic}
     bool UseLargePagesIndividualAllocation        = false                                  {pd product} {ergonomic}
     bool UseParallelGC                            = true                                      {product} {command line}

Logging:
Log output configuration:
 #0: stdout all=off uptime,level,tags
 #1: stderr all=off uptime,level,tags

Environment Variables:
JAVA_HOME=C:\Program Files\Java\jdk-17
PATH=C:\Program Files\Common Files\Oracle\Java\javapath;C:\Program Files\Microsoft SDKs\Azure\CLI2\wbin;C:\Python311\Scripts\;C:\Python311\;C:\Program Files (x86)\Common Files\Oracle\Java\javapath;C:\WINDOWS\system32;C:\Python39\Scripts\;C:\Python39\;C:\Program Files\AdoptOpenJDK\jdk-11.0.11.9-hotspot\bin;C:\app\bryanesteban\product\12.1.0\dbhome_3\bin;C:\app\bryanetseban\product\12.1.0\dbhome_1\bin;C:\Program Files (x86)\Rockwell Software\RSCommon;C:\Program Files\Hardwipe\;C:\Program Files\Microsoft MPI\Bin\;C:\Windows\system32;C:\Windows;C:\Windows\System32\Wbem;C:\Windows\System32\WindowsPowerShell\v1.0\;C:\Program Files (x86)\NVIDIA Corporation\PhysX\Common;C:\Program Files (x86)\Brackets\command;C:\WINDOWS;C:\WINDOWS\System32\Wbem;C:\WINDOWS\System32\WindowsPowerShell\v1.0\;C:\WINDOWS\System32\OpenSSH\;C:\Program Files (x86)\Windows Live\Shared;C:\Program Files\dotnet\;C:\Program Files\Microsoft SQL Server\Client SDK\ODBC\130\Tools\Binn\;C:\Program Files\Java\jdk1.8.0_261\bin;C:\Users\bryanesteban\AppData\Local\Android\Sdk\build-tools\28.0.3;C:\Program Files (x86)\Common Files\Acronis\SnapAPI\;C:\Program Files\Microsoft SQL Server\Client SDK\ODBC\170\Tools\Binn\;C:\Program Files (x86)\dotnet\;C:\Users\bryanesteban\.rustup\toolchains\stable-x86_64-pc-windows-msvc\lib\rustlib\x86_64-pc-windows-msvc\lib;C:\Program Files\PostgreSQL\13\lib;C:\Program Files\PuTTY\;C:\ProgramData\chocolatey\bin;C:\Program Files (x86)\Microsoft SQL Server\150\Tools\Binn\;C:\Program Files\Microsoft SQL Server\150\Tools\Binn\;C:\Program Files\Microsoft SQL Server\150\DTS\Binn\;C:\Program Files (x86)\Microsoft SQL Server\150\DTS\Binn\;C:\Program Files\Azure Data Studio\bin;C:\Program Files\Git\cmd;C:\Program Files\nodejs\;C:\Program Files\Docker\Docker\resources\bin;%JAVA_HOME%\bin;%M2_HOME%\bin;;C:\WINDOWS\system32;C:\WINDOWS;C:\WINDOWS\System32\Wbem;C:\WINDOWS\System32\WindowsPowerShell\v1.0\;C:\WINDOWS\System32\OpenSSH\;C:\Program Files\NVIDIA Corporation\NVIDIA app\NvDLISR;C:\Users\brya
USERNAME=bryanesteban
OS=Windows_NT
PROCESSOR_IDENTIFIER=Intel64 Family 6 Model 151 Stepping 2, GenuineIntel
TMP=C:\Users\BRYANE~1\AppData\Local\Temp
TEMP=C:\Users\BRYANE~1\AppData\Local\Temp



Periodic native trim disabled


---------------  S Y S T E M  ---------------

OS:
 Windows 11 , 64 bit Build 22621 (10.0.22621.4391)
OS uptime: 8 days 4:43 hours
Hyper-V role detected

CPU: total 20 (initial active 20) (10 cores per cpu, 2 threads per core) family 6 model 151 stepping 2 microcode 0x12, cx8, cmov, fxsr, ht, mmx, 3dnowpref, sse, sse2, sse3, ssse3, sse4.1, sse4.2, popcnt, lzcnt, tsc, tscinvbit, avx, avx2, aes, erms, clmul, bmi1, bmi2, adx, sha, fma, vzeroupper, clflush, clflushopt, clwb, hv
Processor Information for processor 0
  Max Mhz: 3610, Current Mhz: 3610, Mhz Limit: 3610
Processor Information for processor 1
  Max Mhz: 3610, Current Mhz: 3610, Mhz Limit: 3610
Processor Information for processor 2
  Max Mhz: 3610, Current Mhz: 3610, Mhz Limit: 3610
Processor Information for processor 3
  Max Mhz: 3610, Current Mhz: 3610, Mhz Limit: 3610
Processor Information for processor 4
  Max Mhz: 3610, Current Mhz: 3610, Mhz Limit: 3610
Processor Information for processor 5
  Max Mhz: 3610, Current Mhz: 3610, Mhz Limit: 3610
Processor Information for processor 6
  Max Mhz: 3610, Current Mhz: 3610, Mhz Limit: 3610
Processor Information for processor 7
  Max Mhz: 3610, Current Mhz: 3610, Mhz Limit: 3610
Processor Information for processor 8
  Max Mhz: 3610, Current Mhz: 3610, Mhz Limit: 3610
Processor Information for processor 9
  Max Mhz: 3610, Current Mhz: 3610, Mhz Limit: 3610
Processor Information for processor 10
  Max Mhz: 3610, Current Mhz: 3610, Mhz Limit: 3610
Processor Information for processor 11
  Max Mhz: 3610, Current Mhz: 3610, Mhz Limit: 3610
Processor Information for processor 12
  Max Mhz: 3610, Current Mhz: 3610, Mhz Limit: 3610
Processor Information for processor 13
  Max Mhz: 3610, Current Mhz: 3610, Mhz Limit: 3610
Processor Information for processor 14
  Max Mhz: 3610, Current Mhz: 3610, Mhz Limit: 3610
Processor Information for processor 15
  Max Mhz: 3610, Current Mhz: 3610, Mhz Limit: 3610
Processor Information for processor 16
  Max Mhz: 3610, Current Mhz: 2707, Mhz Limit: 2707
Processor Information for processor 17
  Max Mhz: 3610, Current Mhz: 2707, Mhz Limit: 2707
Processor Information for processor 18
  Max Mhz: 3610, Current Mhz: 2707, Mhz Limit: 2707
Processor Information for processor 19
  Max Mhz: 3610, Current Mhz: 2707, Mhz Limit: 2707

Memory: 4k page, system-wide physical 65277M (40027M free)
TotalPageFile size 70909M (AvailPageFile size 25449M)
current process WorkingSet (physical memory assigned to process): 111M, peak: 111M
current process commit charge ("private bytes"): 241M, peak: 241M

vm_info: OpenJDK 64-Bit Server VM (17.0.13+11) for windows-amd64 JRE (17.0.13+11), built on Oct 16 2024 00:10:08 by "admin" with MS VC++ 17.7 (VS2022)

END.
